{"logTime": "0512/193303", "correlationVector":"6uIBE4gWd/oAyY+dMfD2AF.194","action":"GetUpdates", "result":"DeleteReceived", "context":{"id":"323023ec-f8ad-4592-b567-f8ca84637e75", "isDeleted:":"true", "version":"1711480659685"}}
{"logTime": "0512/193303", "correlationVector":"6uIBE4gWd/oAyY+dMfD2AF.195","action":"GetUpdates", "result":"DeleteReceived", "context":{"id":"b69118a5-7acc-467d-93a3-59ff1e0e8ff5", "isDeleted:":"true", "version":"1711480659686"}}
{"logTime": "0512/193303", "correlationVector":"6uIBE4gWd/oAyY+dMfD2AF.196","action":"GetUpdates", "result":"DeleteReceived", "context":{"id":"46ce32dc-a0c5-4878-8d41-1ec491a0ca36", "isDeleted:":"true", "version":"1711481932025"}}
{"logTime": "0512/193303", "correlationVector":"6uIBE4gWd/oAyY+dMfD2AF.197","action":"GetUpdates", "result":"DeleteReceived", "context":{"id":"6f801c0d-a725-4fda-bbe7-d273bc1333c5", "isDeleted:":"true", "version":"1711485705089"}}
{"logTime": "0512/193303", "correlationVector":"6uIBE4gWd/oAyY+dMfD2AF.198","action":"GetUpdates", "result":"DeleteReceived", "context":{"id":"e9b5cd97-9a1e-451c-a173-7ebbb8f5aa1e", "isDeleted:":"true", "version":"1711493330437"}}
{"logTime": "0512/193303", "correlationVector":"6uIBE4gWd/oAyY+dMfD2AF.199","action":"GetUpdates", "result":"DeleteReceived", "context":{"id":"7850fdde-3ca5-4f2b-9c6d-67ac948e5ed5", "isDeleted:":"true", "version":"1711503372235"}}
{"logTime": "0512/193303", "correlationVector":"6uIBE4gWd/oAyY+dMfD2AF.200","action":"GetUpdates", "result":"DeleteReceived", "context":{"id":"7357da50-8730-466d-99a6-756f266d94b9", "isDeleted:":"true", "version":"1711516820632"}}
{"logTime": "0512/193303", "correlationVector":"6uIBE4gWd/oAyY+dMfD2AF.201","action":"GetUpdates", "result":"DeleteReceived", "context":{"id":"bb01f914-d09c-4dda-8c7a-580e1165be8a", "isDeleted:":"true", "version":"1711563603209"}}
{"logTime": "0512/193303", "correlationVector":"6uIBE4gWd/oAyY+dMfD2AF.202","action":"GetUpdates", "result":"DeleteReceived", "context":{"id":"cf5bef37-5e60-4c88-b7c2-83fa8bac11a4", "isDeleted:":"true", "version":"1711563603210"}}
{"logTime": "0512/193303", "correlationVector":"6uIBE4gWd/oAyY+dMfD2AF.203","action":"GetUpdates", "result":"DeleteReceived", "context":{"id":"5122202f-2b9f-4502-9046-3b34e7bb29ee", "isDeleted:":"true", "version":"1711563603211"}}
{"logTime": "0512/193303", "correlationVector":"6uIBE4gWd/oAyY+dMfD2AF.204","action":"GetUpdates", "result":"DeleteReceived", "context":{"id":"16cac409-d8a4-4e52-ad38-311a2e385793", "isDeleted:":"true", "version":"1711563603212"}}
{"logTime": "0512/193303", "correlationVector":"6uIBE4gWd/oAyY+dMfD2AF.205","action":"GetUpdates", "result":"DeleteReceived", "context":{"id":"81324e21-61b9-40b4-b81b-3c697bdba209", "isDeleted:":"true", "version":"1711563603214"}}
{"logTime": "0512/193303", "correlationVector":"6uIBE4gWd/oAyY+dMfD2AF.206","action":"GetUpdates", "result":"DeleteReceived", "context":{"id":"e243e2dc-6ce7-4073-8ce6-582e3addea13", "isDeleted:":"true", "version":"1711657401710"}}
{"logTime": "0512/193303", "correlationVector":"6uIBE4gWd/oAyY+dMfD2AF.207","action":"GetUpdates", "result":"DeleteReceived", "context":{"id":"4d330014-8949-4c47-bdbd-2ce8260fe3ed", "isDeleted:":"true", "version":"1711657401711"}}
{"logTime": "0512/193303", "correlationVector":"6uIBE4gWd/oAyY+dMfD2AF.208","action":"GetUpdates", "result":"DeleteReceived", "context":{"id":"6e94ae07-3076-41f0-9a32-2e121d9f1f1f", "isDeleted:":"true", "version":"1711681803007"}}
{"logTime": "0512/193303", "correlationVector":"6uIBE4gWd/oAyY+dMfD2AF.209","action":"GetUpdates", "result":"DeleteReceived", "context":{"id":"1080a099-b7f2-468a-adfc-e366bcb903ff", "isDeleted:":"true", "version":"1711749253101"}}
{"logTime": "0512/193303", "correlationVector":"6uIBE4gWd/oAyY+dMfD2AF.210","action":"GetUpdates", "result":"DeleteReceived", "context":{"id":"770a240b-9112-46ff-a111-d0f8dba32e1e", "isDeleted:":"true", "version":"1711750952578"}}
{"logTime": "0512/193303", "correlationVector":"6uIBE4gWd/oAyY+dMfD2AF.211","action":"GetUpdates", "result":"DeleteReceived", "context":{"id":"aaa0dd2a-9b5e-4b06-a4a7-ba53d3657d31", "isDeleted:":"true", "version":"1711859809300"}}
{"logTime": "0512/193303", "correlationVector":"6uIBE4gWd/oAyY+dMfD2AF.212","action":"GetUpdates", "result":"DeleteReceived", "context":{"id":"e162fcc6-6589-4291-a21d-f4863909370b", "isDeleted:":"true", "version":"1711859935295"}}
{"logTime": "0512/193303", "correlationVector":"6uIBE4gWd/oAyY+dMfD2AF.213","action":"GetUpdates", "result":"DeleteReceived", "context":{"id":"42b1d78b-bad3-4596-877c-8a88fdfb0814", "isDeleted:":"true", "version":"1711859935296"}}
{"logTime": "0512/193303", "correlationVector":"6uIBE4gWd/oAyY+dMfD2AF.214","action":"GetUpdates", "result":"DeleteReceived", "context":{"id":"d7d1ed9c-45c2-4b07-978b-e7f79f48c4bf", "isDeleted:":"true", "version":"1711907005601"}}
{"logTime": "0512/193303", "correlationVector":"6uIBE4gWd/oAyY+dMfD2AF.215","action":"GetUpdates", "result":"DeleteReceived", "context":{"id":"e2239b53-d370-41a2-922a-f92583e77a25", "isDeleted:":"true", "version":"1711907005602"}}
{"logTime": "0512/193303", "correlationVector":"6uIBE4gWd/oAyY+dMfD2AF.216","action":"GetUpdates", "result":"DeleteReceived", "context":{"id":"ee8893b9-ed99-46c9-8e7a-b7c23000b285", "isDeleted:":"true", "version":"1711907030261"}}
{"logTime": "0512/193303", "correlationVector":"6uIBE4gWd/oAyY+dMfD2AF.217","action":"GetUpdates", "result":"DeleteReceived", "context":{"id":"d08efc23-a554-449b-b4e4-4a326fceaa7d", "isDeleted:":"true", "version":"1711907030262"}}
{"logTime": "0512/193303", "correlationVector":"6uIBE4gWd/oAyY+dMfD2AF.218","action":"GetUpdates", "result":"DeleteReceived", "context":{"id":"eb68a457-fe69-438d-8cc7-92543037f924", "isDeleted:":"true", "version":"1711907202309"}}
{"logTime": "0512/193303", "correlationVector":"6uIBE4gWd/oAyY+dMfD2AF.219","action":"GetUpdates", "result":"DeleteReceived", "context":{"id":"ef61a70e-e996-4318-9195-202fabf3ffce", "isDeleted:":"true", "version":"1711907202310"}}
{"logTime": "0512/193303", "correlationVector":"6uIBE4gWd/oAyY+dMfD2AF.220","action":"GetUpdates", "result":"DeleteReceived", "context":{"id":"a89fbc84-54f9-4bae-b3e4-c82ec8be8c51", "isDeleted:":"true", "version":"1711909388044"}}
{"logTime": "0512/193303", "correlationVector":"6uIBE4gWd/oAyY+dMfD2AF.221","action":"GetUpdates", "result":"DeleteReceived", "context":{"id":"023b95d6-bf59-4842-8763-20f294b34633", "isDeleted:":"true", "version":"1711996354244"}}
{"logTime": "0512/193303", "correlationVector":"6uIBE4gWd/oAyY+dMfD2AF.222","action":"GetUpdates", "result":"DeleteReceived", "context":{"id":"198229a7-eb76-4901-a600-0f4bc2cecad0", "isDeleted:":"true", "version":"1711996354245"}}
{"logTime": "0512/193303", "correlationVector":"6uIBE4gWd/oAyY+dMfD2AF.223","action":"GetUpdates", "result":"DeleteReceived", "context":{"id":"365b179f-22b4-42fe-b2e5-943e6f34fa96", "isDeleted:":"true", "version":"1711996354246"}}
{"logTime": "0512/193303", "correlationVector":"6uIBE4gWd/oAyY+dMfD2AF.224","action":"GetUpdates", "result":"DeleteReceived", "context":{"id":"715561c5-efa2-4f01-9755-e2a06c571c46", "isDeleted:":"true", "version":"1711996354247"}}
{"logTime": "0512/193303", "correlationVector":"6uIBE4gWd/oAyY+dMfD2AF.225","action":"GetUpdates", "result":"DeleteReceived", "context":{"id":"0a581f48-fb72-4186-a4c1-92d01407cc60", "isDeleted:":"true", "version":"1711996354248"}}
{"logTime": "0512/193303", "correlationVector":"6uIBE4gWd/oAyY+dMfD2AF.226","action":"GetUpdates", "result":"DeleteReceived", "context":{"id":"79a9e5e2-e929-46dd-8bfb-be4021c72a34", "isDeleted:":"true", "version":"1711996354249"}}
{"logTime": "0512/193303", "correlationVector":"6uIBE4gWd/oAyY+dMfD2AF.227","action":"GetUpdates", "result":"DeleteReceived", "context":{"id":"49a73cb7-54e3-41aa-89a4-3b480727a641", "isDeleted:":"true", "version":"1711996354250"}}
{"logTime": "0512/193303", "correlationVector":"6uIBE4gWd/oAyY+dMfD2AF.228","action":"GetUpdates", "result":"DeleteReceived", "context":{"id":"79dbd6d5-ccca-419e-8393-fe5c30628712", "isDeleted:":"true", "version":"1711996354252"}}
{"logTime": "0512/193303", "correlationVector":"6uIBE4gWd/oAyY+dMfD2AF.229","action":"GetUpdates", "result":"DeleteReceived", "context":{"id":"98834e28-507f-4169-875f-20954aeb5d33", "isDeleted:":"true", "version":"1712201715185"}}
{"logTime": "0512/193303", "correlationVector":"6uIBE4gWd/oAyY+dMfD2AF.230","action":"GetUpdates", "result":"DeleteReceived", "context":{"id":"18d0119a-57d1-4bf9-98bf-6e1d9646e60a", "isDeleted:":"true", "version":"1712201724875"}}
{"logTime": "0512/193303", "correlationVector":"6uIBE4gWd/oAyY+dMfD2AF.231","action":"GetUpdates", "result":"DeleteReceived", "context":{"id":"029029e3-efc4-45e8-be6e-03083773a4b9", "isDeleted:":"true", "version":"1712203048764"}}
{"logTime": "0512/193303", "correlationVector":"6uIBE4gWd/oAyY+dMfD2AF.232","action":"GetUpdates", "result":"DeleteReceived", "context":{"id":"50412df3-4c9a-4ced-b63b-0682e1aa86a1", "isDeleted:":"true", "version":"1712247218030"}}
{"logTime": "0512/193303", "correlationVector":"6uIBE4gWd/oAyY+dMfD2AF.233","action":"GetUpdates Response", "result":"Success", "context":Received 250 update(s). cV=6uIBE4gWd/oAyY+dMfD2AF.0;server=GENERAL0100000E;cloudType=Consumer;environment=Prod_EastUS2_000e;migrationStage=NotStarted Some updates remain.}
{"logTime": "0512/193303", "correlationVector":"vsPA0/pBKV1xSIw06XjgQj","action":"Initial GetUpdates", "result":"", "context":Reason: NEWLY_SUPPORTED_DATATYPE. cV=vsPA0/pBKV1xSIw06XjgQj}
{"logTime": "0512/193303", "correlationVector":"vsPA0/pBKV1xSIw06XjgQj.1","action":"SyncServerConnectionManagerRequest", "result":"SYNC_SERVER_OK", "context":{"environment":"Prod_EastUS2_000e", "migrationStage":"NotStarted", "server":"GENERAL0100000U"}}
{"logTime": "0512/193303", "correlationVector":"vsPA0/pBKV1xSIw06XjgQj.2","action":"GetUpdates", "result":"DeleteReceived", "context":{"id":"f6555e00-2801-4952-a37c-2fbe6f5ed9b9", "isDeleted:":"true", "version":"1712247218031"}}
{"logTime": "0512/193303", "correlationVector":"vsPA0/pBKV1xSIw06XjgQj.3","action":"GetUpdates", "result":"DeleteReceived", "context":{"id":"db9b3dd7-4c9e-4a0a-b3f4-3725ea059668", "isDeleted:":"true", "version":"1712251668883"}}
{"logTime": "0512/193303", "correlationVector":"vsPA0/pBKV1xSIw06XjgQj.4","action":"GetUpdates", "result":"DeleteReceived", "context":{"id":"dffca7cc-7020-4e54-9d0b-bcff9f7a50f6", "isDeleted:":"true", "version":"1712251668884"}}
{"logTime": "0512/193303", "correlationVector":"vsPA0/pBKV1xSIw06XjgQj.5","action":"GetUpdates", "result":"DeleteReceived", "context":{"id":"3d0a3d2e-5fa9-4007-b226-f35ce12225c5", "isDeleted:":"true", "version":"1712299340945"}}
{"logTime": "0512/193303", "correlationVector":"vsPA0/pBKV1xSIw06XjgQj.6","action":"GetUpdates", "result":"DeleteReceived", "context":{"id":"6b9c24fb-7719-44d7-9855-fc3c30796fb4", "isDeleted:":"true", "version":"1712414707022"}}
{"logTime": "0512/193303", "correlationVector":"vsPA0/pBKV1xSIw06XjgQj.7","action":"GetUpdates", "result":"DeleteReceived", "context":{"id":"869d0a99-4c99-4156-9ba4-78810b158df4", "isDeleted:":"true", "version":"1712516798220"}}
{"logTime": "0512/193303", "correlationVector":"vsPA0/pBKV1xSIw06XjgQj.8","action":"GetUpdates", "result":"DeleteReceived", "context":{"id":"86f8158f-6695-4b34-abc0-b65116099ffe", "isDeleted:":"true", "version":"1712516798221"}}
{"logTime": "0512/193303", "correlationVector":"vsPA0/pBKV1xSIw06XjgQj.9","action":"GetUpdates", "result":"DeleteReceived", "context":{"id":"32b504f4-ea25-407c-bac6-1f234b90c733", "isDeleted:":"true", "version":"1712516798222"}}
{"logTime": "0512/193303", "correlationVector":"vsPA0/pBKV1xSIw06XjgQj.10","action":"GetUpdates", "result":"DeleteReceived", "context":{"id":"27abe6a9-0e83-4159-afb6-37061deace97", "isDeleted:":"true", "version":"1712555924105"}}
{"logTime": "0512/193303", "correlationVector":"vsPA0/pBKV1xSIw06XjgQj.11","action":"GetUpdates", "result":"DeleteReceived", "context":{"id":"037819eb-c12e-4b33-abea-c1a305572b1b", "isDeleted:":"true", "version":"1712555924106"}}
{"logTime": "0512/193303", "correlationVector":"vsPA0/pBKV1xSIw06XjgQj.12","action":"GetUpdates", "result":"DeleteReceived", "context":{"id":"1f7dc173-21ed-481a-b567-f061c33503fd", "isDeleted:":"true", "version":"1712555924109"}}
{"logTime": "0512/193303", "correlationVector":"vsPA0/pBKV1xSIw06XjgQj.13","action":"GetUpdates", "result":"DeleteReceived", "context":{"id":"703e630c-de0b-4af3-988d-0f96f394a019", "isDeleted:":"true", "version":"1712561047006"}}
{"logTime": "0512/193303", "correlationVector":"vsPA0/pBKV1xSIw06XjgQj.14","action":"GetUpdates", "result":"DeleteReceived", "context":{"id":"3b8e6b7f-a865-49cb-b4e9-eeebdd670bf0", "isDeleted:":"true", "version":"1712562028071"}}
{"logTime": "0512/193303", "correlationVector":"vsPA0/pBKV1xSIw06XjgQj.15","action":"GetUpdates", "result":"DeleteReceived", "context":{"id":"8d7fdd81-a4b0-4209-af5d-b0d84a599e17", "isDeleted:":"true", "version":"1712563661096"}}
{"logTime": "0512/193303", "correlationVector":"vsPA0/pBKV1xSIw06XjgQj.16","action":"GetUpdates", "result":"DeleteReceived", "context":{"id":"5fd48934-9249-4cb3-a4f1-5949a3aca188", "isDeleted:":"true", "version":"1712620679858"}}
{"logTime": "0512/193303", "correlationVector":"vsPA0/pBKV1xSIw06XjgQj.17","action":"GetUpdates", "result":"DeleteReceived", "context":{"id":"cd08f0cb-b86c-4126-bb68-fbef7546f430", "isDeleted:":"true", "version":"1712620679859"}}
{"logTime": "0512/193303", "correlationVector":"vsPA0/pBKV1xSIw06XjgQj.18","action":"GetUpdates", "result":"DeleteReceived", "context":{"id":"2a63bbf9-bbb7-4752-aabd-678122c29d8a", "isDeleted:":"true", "version":"1712620679860"}}
{"logTime": "0512/193303", "correlationVector":"vsPA0/pBKV1xSIw06XjgQj.19","action":"GetUpdates", "result":"DeleteReceived", "context":{"id":"1765b55b-e7cf-4a13-91c4-0900558931e5", "isDeleted:":"true", "version":"1712620679861"}}
{"logTime": "0512/193303", "correlationVector":"vsPA0/pBKV1xSIw06XjgQj.20","action":"GetUpdates", "result":"DeleteReceived", "context":{"id":"6669a42e-529e-4513-a86f-8cad58df1e13", "isDeleted:":"true", "version":"1712620679862"}}
{"logTime": "0512/193303", "correlationVector":"vsPA0/pBKV1xSIw06XjgQj.21","action":"GetUpdates", "result":"DeleteReceived", "context":{"id":"2fdabbcc-e374-4778-9231-16ee491a9bf0", "isDeleted:":"true", "version":"1712620679864"}}
{"logTime": "0512/193303", "correlationVector":"vsPA0/pBKV1xSIw06XjgQj.22","action":"GetUpdates", "result":"DeleteReceived", "context":{"id":"7dbe7712-0972-463f-b54f-a4b178a40b0f", "isDeleted:":"true", "version":"1712630829268"}}
{"logTime": "0512/193303", "correlationVector":"vsPA0/pBKV1xSIw06XjgQj.23","action":"GetUpdates", "result":"DeleteReceived", "context":{"id":"5777201d-7463-4c1c-b5b3-b75fb5bf54b5", "isDeleted:":"true", "version":"1712631034235"}}
{"logTime": "0512/193303", "correlationVector":"vsPA0/pBKV1xSIw06XjgQj.24","action":"GetUpdates", "result":"DeleteReceived", "context":{"id":"828c1f32-d084-4ab4-b860-a86c08f1f484", "isDeleted:":"true", "version":"1712633031183"}}
{"logTime": "0512/193303", "correlationVector":"vsPA0/pBKV1xSIw06XjgQj.25","action":"GetUpdates", "result":"DeleteReceived", "context":{"id":"7c8342c6-8622-43aa-8352-96c50776aeb2", "isDeleted:":"true", "version":"1712635338380"}}
{"logTime": "0512/193303", "correlationVector":"vsPA0/pBKV1xSIw06XjgQj.26","action":"GetUpdates", "result":"DeleteReceived", "context":{"id":"60c99eb2-94f8-47d9-9931-b51904083f2e", "isDeleted:":"true", "version":"1712680041087"}}
{"logTime": "0512/193303", "correlationVector":"vsPA0/pBKV1xSIw06XjgQj.27","action":"GetUpdates", "result":"DeleteReceived", "context":{"id":"91f967d1-90f7-4aa7-8855-52a224b9f3ea", "isDeleted:":"true", "version":"1712680041088"}}
{"logTime": "0512/193303", "correlationVector":"vsPA0/pBKV1xSIw06XjgQj.28","action":"GetUpdates", "result":"DeleteReceived", "context":{"id":"61a1e952-55ac-46bb-92da-e4ae1f4d326c", "isDeleted:":"true", "version":"1712680041089"}}
{"logTime": "0512/193303", "correlationVector":"vsPA0/pBKV1xSIw06XjgQj.29","action":"GetUpdates", "result":"DeleteReceived", "context":{"id":"89e251b3-bf0d-4244-8762-8405020d0e70", "isDeleted:":"true", "version":"1712681175151"}}
{"logTime": "0512/193303", "correlationVector":"vsPA0/pBKV1xSIw06XjgQj.30","action":"GetUpdates", "result":"DeleteReceived", "context":{"id":"7148a41a-fd01-4fdb-9ffc-13b1fb3cf17c", "isDeleted:":"true", "version":"1712723007848"}}
{"logTime": "0512/193303", "correlationVector":"vsPA0/pBKV1xSIw06XjgQj.31","action":"GetUpdates", "result":"DeleteReceived", "context":{"id":"48771ff0-c2ad-476a-aeb3-317086363433", "isDeleted:":"true", "version":"1712723007849"}}
{"logTime": "0512/193303", "correlationVector":"vsPA0/pBKV1xSIw06XjgQj.32","action":"GetUpdates", "result":"DeleteReceived", "context":{"id":"b739c452-7bd2-4c7e-99d6-7accc267ad9d", "isDeleted:":"true", "version":"1712723007850"}}
{"logTime": "0512/193303", "correlationVector":"vsPA0/pBKV1xSIw06XjgQj.33","action":"GetUpdates", "result":"DeleteReceived", "context":{"id":"11833d5d-cbf5-49e1-a533-c11b7e9dd517", "isDeleted:":"true", "version":"1712785967292"}}
{"logTime": "0512/193303", "correlationVector":"vsPA0/pBKV1xSIw06XjgQj.34","action":"GetUpdates", "result":"DeleteReceived", "context":{"id":"95708ac7-f6c5-40b2-9755-0d5e3804271d", "isDeleted:":"true", "version":"1712786266722"}}
{"logTime": "0512/193303", "correlationVector":"vsPA0/pBKV1xSIw06XjgQj.35","action":"GetUpdates", "result":"DeleteReceived", "context":{"id":"51e0cc7d-8b56-4f0b-ad2c-f565cbc71378", "isDeleted:":"true", "version":"1712793433710"}}
{"logTime": "0512/193303", "correlationVector":"vsPA0/pBKV1xSIw06XjgQj.36","action":"GetUpdates", "result":"DeleteReceived", "context":{"id":"6e7cfa83-523c-4be7-bee6-885cd49be820", "isDeleted:":"true", "version":"1712813360541"}}
{"logTime": "0512/193303", "correlationVector":"vsPA0/pBKV1xSIw06XjgQj.37","action":"GetUpdates", "result":"DeleteReceived", "context":{"id":"e28b6f4a-f718-4754-8d76-d6ddf4b813d6", "isDeleted:":"true", "version":"1712813360543"}}
{"logTime": "0512/193303", "correlationVector":"vsPA0/pBKV1xSIw06XjgQj.38","action":"GetUpdates", "result":"DeleteReceived", "context":{"id":"0abd1cb9-5abb-4938-81d7-d1470773fbe6", "isDeleted:":"true", "version":"1712816038793"}}
{"logTime": "0512/193303", "correlationVector":"vsPA0/pBKV1xSIw06XjgQj.39","action":"GetUpdates", "result":"DeleteReceived", "context":{"id":"114bac15-891f-4a27-aec8-17849e0da215", "isDeleted:":"true", "version":"1712864522257"}}
{"logTime": "0512/193303", "correlationVector":"vsPA0/pBKV1xSIw06XjgQj.40","action":"GetUpdates", "result":"DeleteReceived", "context":{"id":"6f3ea1b0-2b3c-42c9-8cbe-2611df625387", "isDeleted:":"true", "version":"1712864522258"}}
{"logTime": "0512/193303", "correlationVector":"vsPA0/pBKV1xSIw06XjgQj.41","action":"GetUpdates", "result":"DeleteReceived", "context":{"id":"7a564d03-a20e-44c3-a109-4098883b390f", "isDeleted:":"true", "version":"1712864522259"}}
{"logTime": "0512/193303", "correlationVector":"vsPA0/pBKV1xSIw06XjgQj.42","action":"GetUpdates", "result":"DeleteReceived", "context":{"id":"48a95893-98d2-4cb0-afc9-d43eb2568e4a", "isDeleted:":"true", "version":"1712864566213"}}
{"logTime": "0512/193303", "correlationVector":"vsPA0/pBKV1xSIw06XjgQj.43","action":"GetUpdates", "result":"DeleteReceived", "context":{"id":"d9fe386e-7dee-40d8-be17-0644f512e5be", "isDeleted:":"true", "version":"1712864757635"}}
{"logTime": "0512/193303", "correlationVector":"vsPA0/pBKV1xSIw06XjgQj.44","action":"GetUpdates", "result":"DeleteReceived", "context":{"id":"20b87380-5683-42f1-bf43-c4abaadb7a41", "isDeleted:":"true", "version":"1712864757638"}}
{"logTime": "0512/193303", "correlationVector":"vsPA0/pBKV1xSIw06XjgQj.45","action":"GetUpdates", "result":"DeleteReceived", "context":{"id":"442692f4-6596-42ee-9298-3b60568265f3", "isDeleted:":"true", "version":"1712865117345"}}
{"logTime": "0512/193303", "correlationVector":"vsPA0/pBKV1xSIw06XjgQj.46","action":"GetUpdates", "result":"DeleteReceived", "context":{"id":"e7e683d7-ec5d-4204-93dc-b2ea09d6c177", "isDeleted:":"true", "version":"1712865525403"}}
{"logTime": "0512/193303", "correlationVector":"vsPA0/pBKV1xSIw06XjgQj.47","action":"GetUpdates", "result":"DeleteReceived", "context":{"id":"9581ca27-8783-4de6-8102-83feb791ab4f", "isDeleted:":"true", "version":"1712873142523"}}
{"logTime": "0512/193303", "correlationVector":"vsPA0/pBKV1xSIw06XjgQj.48","action":"GetUpdates", "result":"DeleteReceived", "context":{"id":"ee6dd478-4f0c-46a3-bb65-c4edbd8a5ea3", "isDeleted:":"true", "version":"1712887157648"}}
{"logTime": "0512/193303", "correlationVector":"vsPA0/pBKV1xSIw06XjgQj.49","action":"GetUpdates", "result":"DeleteReceived", "context":{"id":"985d9132-9ce9-42b5-b322-28c63044f4eb", "isDeleted:":"true", "version":"1712907010097"}}
{"logTime": "0512/193303", "correlationVector":"vsPA0/pBKV1xSIw06XjgQj.50","action":"GetUpdates", "result":"DeleteReceived", "context":{"id":"f00f9cb9-d2be-4ca6-8878-4af5c1797082", "isDeleted:":"true", "version":"1712908496789"}}
{"logTime": "0512/193303", "correlationVector":"vsPA0/pBKV1xSIw06XjgQj.51","action":"GetUpdates", "result":"DeleteReceived", "context":{"id":"c29a64e1-1913-4a88-8e9a-d47b5b693a7d", "isDeleted:":"true", "version":"1712969612035"}}
{"logTime": "0512/193303", "correlationVector":"vsPA0/pBKV1xSIw06XjgQj.52","action":"GetUpdates", "result":"DeleteReceived", "context":{"id":"fc162f2c-af9b-4bcb-b279-778214a8e8fc", "isDeleted:":"true", "version":"1712969612036"}}
{"logTime": "0512/193303", "correlationVector":"vsPA0/pBKV1xSIw06XjgQj.53","action":"GetUpdates", "result":"DeleteReceived", "context":{"id":"022fa5a1-8068-4054-80fe-79ec6e2ef760", "isDeleted:":"true", "version":"1712969612037"}}
{"logTime": "0512/193303", "correlationVector":"vsPA0/pBKV1xSIw06XjgQj.54","action":"GetUpdates", "result":"DeleteReceived", "context":{"id":"d6f7faa0-5422-4e50-ba0c-ebf84dd490ac", "isDeleted:":"true", "version":"1712969612038"}}
{"logTime": "0512/193303", "correlationVector":"vsPA0/pBKV1xSIw06XjgQj.55","action":"GetUpdates", "result":"DeleteReceived", "context":{"id":"6339b6fc-858e-4da1-a068-a6f229bcfa3c", "isDeleted:":"true", "version":"1712979555708"}}
{"logTime": "0512/193303", "correlationVector":"vsPA0/pBKV1xSIw06XjgQj.56","action":"GetUpdates", "result":"DeleteReceived", "context":{"id":"aee05c39-5b6b-42b1-a9b1-e9828a20bec7", "isDeleted:":"true", "version":"1712980881840"}}
{"logTime": "0512/193303", "correlationVector":"vsPA0/pBKV1xSIw06XjgQj.57","action":"GetUpdates", "result":"DeleteReceived", "context":{"id":"193aff67-02b1-47b3-8c5b-1766276eea2c", "isDeleted:":"true", "version":"1712981560684"}}
{"logTime": "0512/193303", "correlationVector":"vsPA0/pBKV1xSIw06XjgQj.58","action":"GetUpdates", "result":"DeleteReceived", "context":{"id":"9977ed05-0b8e-42d0-bd9b-269dcb9ceff1", "isDeleted:":"true", "version":"1712982781702"}}
{"logTime": "0512/193303", "correlationVector":"vsPA0/pBKV1xSIw06XjgQj.59","action":"GetUpdates", "result":"DeleteReceived", "context":{"id":"b82be781-bb1a-43a0-8dea-1128f9cceac5", "isDeleted:":"true", "version":"1712983185080"}}
{"logTime": "0512/193303", "correlationVector":"vsPA0/pBKV1xSIw06XjgQj.60","action":"GetUpdates", "result":"DeleteReceived", "context":{"id":"f2b81bd9-cbee-4c4b-a965-f7407b814949", "isDeleted:":"true", "version":"1712984228760"}}
{"logTime": "0512/193303", "correlationVector":"vsPA0/pBKV1xSIw06XjgQj.61","action":"GetUpdates", "result":"DeleteReceived", "context":{"id":"6bc5e9d0-b251-4011-bb2a-149c99d401e3", "isDeleted:":"true", "version":"1712984873890"}}
{"logTime": "0512/193303", "correlationVector":"vsPA0/pBKV1xSIw06XjgQj.62","action":"GetUpdates", "result":"DeleteReceived", "context":{"id":"7cc2e844-952e-4797-8dcb-4d132fe9e8fc", "isDeleted:":"true", "version":"1712985339889"}}
{"logTime": "0512/193303", "correlationVector":"vsPA0/pBKV1xSIw06XjgQj.63","action":"GetUpdates", "result":"DeleteReceived", "context":{"id":"101012a4-d623-4619-82ff-14174db76d65", "isDeleted:":"true", "version":"1713023502874"}}
{"logTime": "0512/193303", "correlationVector":"vsPA0/pBKV1xSIw06XjgQj.64","action":"GetUpdates", "result":"DeleteReceived", "context":{"id":"d4a72109-2d33-4b7d-9bf1-b7d03c469a60", "isDeleted:":"true", "version":"1713023502875"}}
{"logTime": "0512/193303", "correlationVector":"vsPA0/pBKV1xSIw06XjgQj.65","action":"GetUpdates", "result":"DeleteReceived", "context":{"id":"427df8a8-a7b6-40d8-a619-3f473ff976be", "isDeleted:":"true", "version":"1713023502876"}}
{"logTime": "0512/193303", "correlationVector":"vsPA0/pBKV1xSIw06XjgQj.66","action":"GetUpdates", "result":"DeleteReceived", "context":{"id":"f5744f2b-8ee1-41a5-abdd-6bc0e4892b1a", "isDeleted:":"true", "version":"1713023502877"}}
{"logTime": "0512/193303", "correlationVector":"vsPA0/pBKV1xSIw06XjgQj.67","action":"GetUpdates", "result":"DeleteReceived", "context":{"id":"927f12cf-bd85-4909-8ed9-482924410933", "isDeleted:":"true", "version":"1713025315258"}}
{"logTime": "0512/193303", "correlationVector":"vsPA0/pBKV1xSIw06XjgQj.68","action":"GetUpdates", "result":"DeleteReceived", "context":{"id":"11c80649-4a90-4ada-b24e-92087b3dcc90", "isDeleted:":"true", "version":"1713054230356"}}
{"logTime": "0512/193303", "correlationVector":"vsPA0/pBKV1xSIw06XjgQj.69","action":"GetUpdates", "result":"DeleteReceived", "context":{"id":"5f5c3cb8-4aad-4e11-bbbe-f161248773d3", "isDeleted:":"true", "version":"1713109468735"}}
{"logTime": "0512/193303", "correlationVector":"vsPA0/pBKV1xSIw06XjgQj.70","action":"GetUpdates", "result":"DeleteReceived", "context":{"id":"5bc90733-cd18-4200-9bf9-68b2ac7141b9", "isDeleted:":"true", "version":"1713109468736"}}
{"logTime": "0512/193303", "correlationVector":"vsPA0/pBKV1xSIw06XjgQj.71","action":"GetUpdates", "result":"DeleteReceived", "context":{"id":"c0fdac59-21a6-4eb4-81c1-72e55846bf0e", "isDeleted:":"true", "version":"1713109468737"}}
{"logTime": "0512/193303", "correlationVector":"vsPA0/pBKV1xSIw06XjgQj.72","action":"GetUpdates", "result":"DeleteReceived", "context":{"id":"1b191be8-a9d2-48cc-bd9c-591acba51e9e", "isDeleted:":"true", "version":"1713109468738"}}
{"logTime": "0512/193303", "correlationVector":"vsPA0/pBKV1xSIw06XjgQj.73","action":"GetUpdates", "result":"DeleteReceived", "context":{"id":"8e522da1-6d46-40db-b8bd-d99a2fd9f448", "isDeleted:":"true", "version":"1713109468740"}}
{"logTime": "0512/193303", "correlationVector":"vsPA0/pBKV1xSIw06XjgQj.74","action":"GetUpdates", "result":"DeleteReceived", "context":{"id":"f61602d6-f3aa-427c-8fd4-b1e50d1b4d60", "isDeleted:":"true", "version":"1713112684589"}}
{"logTime": "0512/193303", "correlationVector":"vsPA0/pBKV1xSIw06XjgQj.75","action":"GetUpdates", "result":"DeleteReceived", "context":{"id":"96f28c76-b4e6-45b8-9fee-b8dd043e77b4", "isDeleted:":"true", "version":"1713124931930"}}
{"logTime": "0512/193303", "correlationVector":"vsPA0/pBKV1xSIw06XjgQj.76","action":"GetUpdates", "result":"DeleteReceived", "context":{"id":"3a39e92c-4970-456f-910a-b6ebd03e599c", "isDeleted:":"true", "version":"1713192592222"}}
{"logTime": "0512/193303", "correlationVector":"vsPA0/pBKV1xSIw06XjgQj.77","action":"GetUpdates", "result":"DeleteReceived", "context":{"id":"e90ab56d-8fda-48b3-b7cc-b77d77476c56", "isDeleted:":"true", "version":"1713192592223"}}
{"logTime": "0512/193303", "correlationVector":"vsPA0/pBKV1xSIw06XjgQj.78","action":"GetUpdates", "result":"DeleteReceived", "context":{"id":"8449f231-6f4e-45df-a963-2fefcf6c722a", "isDeleted:":"true", "version":"1713192592224"}}
{"logTime": "0512/193303", "correlationVector":"vsPA0/pBKV1xSIw06XjgQj.79","action":"GetUpdates", "result":"DeleteReceived", "context":{"id":"c7ce2d33-aa07-4b94-8941-0bfec1a1ae42", "isDeleted:":"true", "version":"1713192889100"}}
{"logTime": "0512/193303", "correlationVector":"vsPA0/pBKV1xSIw06XjgQj.80","action":"GetUpdates", "result":"DeleteReceived", "context":{"id":"13b4b89a-c903-4383-9e1e-126f736de4f6", "isDeleted:":"true", "version":"1713193263367"}}
{"logTime": "0512/193303", "correlationVector":"vsPA0/pBKV1xSIw06XjgQj.81","action":"GetUpdates", "result":"DeleteReceived", "context":{"id":"54dd84ed-1263-4093-8652-a82ff4ae6551", "isDeleted:":"true", "version":"1713193475762"}}
{"logTime": "0512/193303", "correlationVector":"vsPA0/pBKV1xSIw06XjgQj.82","action":"GetUpdates", "result":"DeleteReceived", "context":{"id":"df4d8340-8765-4f9a-857e-66afb0632f65", "isDeleted:":"true", "version":"1713196563753"}}
{"logTime": "0512/193303", "correlationVector":"vsPA0/pBKV1xSIw06XjgQj.83","action":"GetUpdates", "result":"DeleteReceived", "context":{"id":"7df3a91b-7f76-4513-83f1-2828ba1aae80", "isDeleted:":"true", "version":"1713204326345"}}
{"logTime": "0512/193303", "correlationVector":"vsPA0/pBKV1xSIw06XjgQj.84","action":"GetUpdates", "result":"DeleteReceived", "context":{"id":"9443bce1-b9d6-4bd8-a76c-bc77b042e3f3", "isDeleted:":"true", "version":"1713204915238"}}
{"logTime": "0512/193303", "correlationVector":"vsPA0/pBKV1xSIw06XjgQj.85","action":"GetUpdates", "result":"DeleteReceived", "context":{"id":"fe34805c-7463-4d03-9f5b-a36d965fa0a2", "isDeleted:":"true", "version":"1713206855716"}}
{"logTime": "0512/193303", "correlationVector":"vsPA0/pBKV1xSIw06XjgQj.86","action":"GetUpdates", "result":"DeleteReceived", "context":{"id":"3eed4a33-1f11-44ec-a4df-08bb6c815a24", "isDeleted:":"true", "version":"1713208026507"}}
{"logTime": "0512/193303", "correlationVector":"vsPA0/pBKV1xSIw06XjgQj.87","action":"GetUpdates", "result":"DeleteReceived", "context":{"id":"bb1de3e6-26a3-4fe4-9ac2-2495981ac3e2", "isDeleted:":"true", "version":"1713217674633"}}
{"logTime": "0512/193303", "correlationVector":"vsPA0/pBKV1xSIw06XjgQj.88","action":"GetUpdates", "result":"DeleteReceived", "context":{"id":"c337fd91-bff0-405d-95a7-8a6e191bed2e", "isDeleted:":"true", "version":"1713221951334"}}
{"logTime": "0512/193303", "correlationVector":"vsPA0/pBKV1xSIw06XjgQj.89","action":"GetUpdates", "result":"DeleteReceived", "context":{"id":"72f147f0-63d4-456e-82b0-c94a45aaae16", "isDeleted:":"true", "version":"1713224399812"}}
{"logTime": "0512/193303", "correlationVector":"vsPA0/pBKV1xSIw06XjgQj.90","action":"GetUpdates", "result":"DeleteReceived", "context":{"id":"7afd6795-9bf6-4a19-9768-9b1e0308ac30", "isDeleted:":"true", "version":"1713236440510"}}
{"logTime": "0512/193303", "correlationVector":"vsPA0/pBKV1xSIw06XjgQj.91","action":"GetUpdates", "result":"DeleteReceived", "context":{"id":"a92f2a9c-b3c4-4f15-b85a-8049b01a940d", "isDeleted:":"true", "version":"1713237573008"}}
{"logTime": "0512/193303", "correlationVector":"vsPA0/pBKV1xSIw06XjgQj.92","action":"GetUpdates", "result":"DeleteReceived", "context":{"id":"2cc78acd-6ea5-46fa-8ce5-0a8f63ecd722", "isDeleted:":"true", "version":"1713287929219"}}
{"logTime": "0512/193303", "correlationVector":"vsPA0/pBKV1xSIw06XjgQj.93","action":"GetUpdates", "result":"DeleteReceived", "context":{"id":"7e1bcd1a-30c7-47e6-8ebe-775043ebc8d6", "isDeleted:":"true", "version":"1713287929221"}}
{"logTime": "0512/193303", "correlationVector":"vsPA0/pBKV1xSIw06XjgQj.94","action":"GetUpdates", "result":"DeleteReceived", "context":{"id":"43acae5a-d71c-4bb1-b99a-c47c0f17bc91", "isDeleted:":"true", "version":"1713287929222"}}
{"logTime": "0512/193303", "correlationVector":"vsPA0/pBKV1xSIw06XjgQj.95","action":"GetUpdates", "result":"DeleteReceived", "context":{"id":"e2dbec6a-a6a9-4acb-a81b-9c95f67eeb1f", "isDeleted:":"true", "version":"1713287929223"}}
{"logTime": "0512/193303", "correlationVector":"vsPA0/pBKV1xSIw06XjgQj.96","action":"GetUpdates", "result":"DeleteReceived", "context":{"id":"cd540cc3-dafb-44d7-9d20-07f47ae1f6e2", "isDeleted:":"true", "version":"1713287929224"}}
{"logTime": "0512/193303", "correlationVector":"vsPA0/pBKV1xSIw06XjgQj.97","action":"GetUpdates", "result":"DeleteReceived", "context":{"id":"59013f4a-3db3-43f2-a5ac-a8b8be5abc61", "isDeleted:":"true", "version":"1713287929226"}}
{"logTime": "0512/193303", "correlationVector":"vsPA0/pBKV1xSIw06XjgQj.98","action":"GetUpdates", "result":"DeleteReceived", "context":{"id":"424c84f1-7ee4-481d-965e-f6d502024d88", "isDeleted:":"true", "version":"1713316505404"}}
{"logTime": "0512/193303", "correlationVector":"vsPA0/pBKV1xSIw06XjgQj.99","action":"GetUpdates", "result":"DeleteReceived", "context":{"id":"f780c705-4a13-4e7b-8961-c5cc3f620140", "isDeleted:":"true", "version":"1713316505405"}}
{"logTime": "0512/193303", "correlationVector":"vsPA0/pBKV1xSIw06XjgQj.100","action":"GetUpdates", "result":"DeleteReceived", "context":{"id":"e103470b-a294-4371-81fa-7204fccd28ad", "isDeleted:":"true", "version":"1713317200069"}}
{"logTime": "0512/193303", "correlationVector":"vsPA0/pBKV1xSIw06XjgQj.101","action":"GetUpdates", "result":"DeleteReceived", "context":{"id":"62b2d7e3-c3f1-43a4-aea8-479f5f48a0c5", "isDeleted:":"true", "version":"1713317217356"}}
{"logTime": "0512/193303", "correlationVector":"vsPA0/pBKV1xSIw06XjgQj.102","action":"GetUpdates", "result":"DeleteReceived", "context":{"id":"4addf811-e568-4331-ab96-bab8f3a4e5b5", "isDeleted:":"true", "version":"1713317322902"}}
{"logTime": "0512/193303", "correlationVector":"vsPA0/pBKV1xSIw06XjgQj.103","action":"GetUpdates", "result":"DeleteReceived", "context":{"id":"3ac19124-327f-48c0-bab6-36f10d6abe14", "isDeleted:":"true", "version":"1713318800067"}}
{"logTime": "0512/193303", "correlationVector":"vsPA0/pBKV1xSIw06XjgQj.104","action":"GetUpdates", "result":"DeleteReceived", "context":{"id":"46ca7eee-65c9-413f-833b-5433339bf53a", "isDeleted:":"true", "version":"1713318936679"}}
{"logTime": "0512/193303", "correlationVector":"vsPA0/pBKV1xSIw06XjgQj.105","action":"GetUpdates", "result":"DeleteReceived", "context":{"id":"a42b7227-e409-4f88-9152-b91602a6b77b", "isDeleted:":"true", "version":"1713323985346"}}
{"logTime": "0512/193303", "correlationVector":"vsPA0/pBKV1xSIw06XjgQj.106","action":"GetUpdates", "result":"DeleteReceived", "context":{"id":"844e1232-63c7-486c-9cd9-193d576b6793", "isDeleted:":"true", "version":"1713323985347"}}
{"logTime": "0512/193303", "correlationVector":"vsPA0/pBKV1xSIw06XjgQj.107","action":"GetUpdates", "result":"DeleteReceived", "context":{"id":"4a74ad69-f322-4098-9dac-3d4c296412fd", "isDeleted:":"true", "version":"1713323985348"}}
{"logTime": "0512/193303", "correlationVector":"vsPA0/pBKV1xSIw06XjgQj.108","action":"GetUpdates", "result":"DeleteReceived", "context":{"id":"ba3654cc-4088-4f0b-affd-001a2946d72d", "isDeleted:":"true", "version":"1713324032779"}}
{"logTime": "0512/193303", "correlationVector":"vsPA0/pBKV1xSIw06XjgQj.109","action":"GetUpdates", "result":"DeleteReceived", "context":{"id":"c4050686-52c9-4015-9a3e-10c2fb641980", "isDeleted:":"true", "version":"1713325768969"}}
{"logTime": "0512/193303", "correlationVector":"vsPA0/pBKV1xSIw06XjgQj.110","action":"GetUpdates", "result":"DeleteReceived", "context":{"id":"1bb17875-055f-4406-820b-e19a99970ac3", "isDeleted:":"true", "version":"1713325768970"}}
{"logTime": "0512/193303", "correlationVector":"vsPA0/pBKV1xSIw06XjgQj.111","action":"GetUpdates", "result":"DeleteReceived", "context":{"id":"354dff3d-af3f-4164-ba65-a43133edb6da", "isDeleted:":"true", "version":"1713325837384"}}
{"logTime": "0512/193303", "correlationVector":"vsPA0/pBKV1xSIw06XjgQj.112","action":"GetUpdates", "result":"DeleteReceived", "context":{"id":"7d97c122-792c-40ff-9379-4116644161cf", "isDeleted:":"true", "version":"1713326960676"}}
{"logTime": "0512/193303", "correlationVector":"vsPA0/pBKV1xSIw06XjgQj.113","action":"GetUpdates", "result":"DeleteReceived", "context":{"id":"05418ae0-acfe-4c85-9d72-c2f50d9c853b", "isDeleted:":"true", "version":"1713331454031"}}
{"logTime": "0512/193303", "correlationVector":"vsPA0/pBKV1xSIw06XjgQj.114","action":"GetUpdates", "result":"DeleteReceived", "context":{"id":"2a365e07-19ba-42a1-947b-8d972e42384e", "isDeleted:":"true", "version":"1713331528690"}}
{"logTime": "0512/193303", "correlationVector":"vsPA0/pBKV1xSIw06XjgQj.115","action":"GetUpdates", "result":"DeleteReceived", "context":{"id":"0e1244f5-a0ee-4763-adff-648aa1889b4d", "isDeleted:":"true", "version":"1713331561568"}}
{"logTime": "0512/193303", "correlationVector":"vsPA0/pBKV1xSIw06XjgQj.116","action":"GetUpdates", "result":"DeleteReceived", "context":{"id":"3551aba9-6417-4111-95f3-20209dc62710", "isDeleted:":"true", "version":"1713332417379"}}
{"logTime": "0512/193303", "correlationVector":"vsPA0/pBKV1xSIw06XjgQj.117","action":"GetUpdates", "result":"DeleteReceived", "context":{"id":"a9f9a6ca-6af9-44c3-a78c-2450b5ef3cf5", "isDeleted:":"true", "version":"1713334444261"}}
{"logTime": "0512/193303", "correlationVector":"vsPA0/pBKV1xSIw06XjgQj.118","action":"GetUpdates", "result":"DeleteReceived", "context":{"id":"bacf1597-acc0-4f7b-94d6-d1c8b5ba13f2", "isDeleted:":"true", "version":"1713336917330"}}
{"logTime": "0512/193303", "correlationVector":"vsPA0/pBKV1xSIw06XjgQj.119","action":"GetUpdates", "result":"DeleteReceived", "context":{"id":"9252dd0a-2f68-404f-a09e-21fdfad2137d", "isDeleted:":"true", "version":"1713337676405"}}
{"logTime": "0512/193303", "correlationVector":"vsPA0/pBKV1xSIw06XjgQj.120","action":"GetUpdates", "result":"DeleteReceived", "context":{"id":"56f111e7-8cf7-4f4e-8155-0ddb1453da40", "isDeleted:":"true", "version":"1713337766139"}}
{"logTime": "0512/193303", "correlationVector":"vsPA0/pBKV1xSIw06XjgQj.121","action":"GetUpdates", "result":"DeleteReceived", "context":{"id":"366de4f0-7878-4642-a08c-b5eb5fa11a60", "isDeleted:":"true", "version":"1713337905460"}}
{"logTime": "0512/193303", "correlationVector":"vsPA0/pBKV1xSIw06XjgQj.122","action":"GetUpdates", "result":"DeleteReceived", "context":{"id":"34a5db65-e101-4c3e-86ea-61396d4f9aba", "isDeleted:":"true", "version":"1713373635501"}}
{"logTime": "0512/193303", "correlationVector":"vsPA0/pBKV1xSIw06XjgQj.123","action":"GetUpdates", "result":"DeleteReceived", "context":{"id":"23b27b1c-38b8-4a24-8cbc-2610506f7ea1", "isDeleted:":"true", "version":"1713373635504"}}
{"logTime": "0512/193303", "correlationVector":"vsPA0/pBKV1xSIw06XjgQj.124","action":"GetUpdates", "result":"DeleteReceived", "context":{"id":"32ee58fe-6a0f-4851-bde5-01cf4901fbca", "isDeleted:":"true", "version":"1713373635505"}}
{"logTime": "0512/193303", "correlationVector":"vsPA0/pBKV1xSIw06XjgQj.125","action":"GetUpdates", "result":"DeleteReceived", "context":{"id":"12d9cfc0-af9e-4e44-ae8f-d146dc1031c6", "isDeleted:":"true", "version":"1713373635506"}}
{"logTime": "0512/193303", "correlationVector":"vsPA0/pBKV1xSIw06XjgQj.126","action":"GetUpdates", "result":"DeleteReceived", "context":{"id":"1263508c-73bd-476a-99fa-6b5a659da575", "isDeleted:":"true", "version":"1713373635507"}}
{"logTime": "0512/193303", "correlationVector":"vsPA0/pBKV1xSIw06XjgQj.127","action":"GetUpdates", "result":"DeleteReceived", "context":{"id":"c0f3c87b-8814-4f8a-b97a-853515bd00f1", "isDeleted:":"true", "version":"1713387296994"}}
{"logTime": "0512/193303", "correlationVector":"vsPA0/pBKV1xSIw06XjgQj.128","action":"GetUpdates", "result":"DeleteReceived", "context":{"id":"0360b680-59d0-4b7f-9db3-76826a3a0e80", "isDeleted:":"true", "version":"1713387296995"}}
{"logTime": "0512/193303", "correlationVector":"vsPA0/pBKV1xSIw06XjgQj.129","action":"GetUpdates", "result":"DeleteReceived", "context":{"id":"dbc56e62-3478-4ea5-af7f-c696825dcbea", "isDeleted:":"true", "version":"1713387296996"}}
{"logTime": "0512/193303", "correlationVector":"vsPA0/pBKV1xSIw06XjgQj.130","action":"GetUpdates", "result":"DeleteReceived", "context":{"id":"d654f3b0-74a1-4eea-bdc9-c2542801f0f8", "isDeleted:":"true", "version":"1713389622484"}}
{"logTime": "0512/193303", "correlationVector":"vsPA0/pBKV1xSIw06XjgQj.131","action":"GetUpdates", "result":"DeleteReceived", "context":{"id":"2ea7804b-7383-436a-9b26-2d262b9c1f03", "isDeleted:":"true", "version":"1713389622485"}}
{"logTime": "0512/193303", "correlationVector":"vsPA0/pBKV1xSIw06XjgQj.132","action":"GetUpdates", "result":"DeleteReceived", "context":{"id":"15cf1ca8-ae94-4330-8180-17c35b786153", "isDeleted:":"true", "version":"1713401037788"}}
{"logTime": "0512/193303", "correlationVector":"vsPA0/pBKV1xSIw06XjgQj.133","action":"GetUpdates", "result":"DeleteReceived", "context":{"id":"293dcff7-b6b6-4706-8e15-4a5ba38533be", "isDeleted:":"true", "version":"1713401068077"}}
{"logTime": "0512/193303", "correlationVector":"vsPA0/pBKV1xSIw06XjgQj.134","action":"GetUpdates", "result":"DeleteReceived", "context":{"id":"6fa538db-37ed-4101-9e7d-f3da8aa740e2", "isDeleted:":"true", "version":"1713401068078"}}
{"logTime": "0512/193303", "correlationVector":"vsPA0/pBKV1xSIw06XjgQj.135","action":"GetUpdates", "result":"DeleteReceived", "context":{"id":"074d03d5-70b4-4ca6-a0ae-17c0872f47ec", "isDeleted:":"true", "version":"1713416813629"}}
{"logTime": "0512/193303", "correlationVector":"vsPA0/pBKV1xSIw06XjgQj.136","action":"GetUpdates", "result":"DeleteReceived", "context":{"id":"aff0d89d-52fb-4a25-b456-5cb31a44ccd4", "isDeleted:":"true", "version":"1713417798578"}}
{"logTime": "0512/193303", "correlationVector":"vsPA0/pBKV1xSIw06XjgQj.137","action":"GetUpdates", "result":"DeleteReceived", "context":{"id":"554345ce-64ee-49a2-9b2a-fc0a7f506bff", "isDeleted:":"true", "version":"1713421354529"}}
{"logTime": "0512/193303", "correlationVector":"vsPA0/pBKV1xSIw06XjgQj.138","action":"GetUpdates", "result":"DeleteReceived", "context":{"id":"3a4a1832-00df-4c4b-a6cf-17a5d9780368", "isDeleted:":"true", "version":"1713449524431"}}
{"logTime": "0512/193303", "correlationVector":"vsPA0/pBKV1xSIw06XjgQj.139","action":"GetUpdates", "result":"DeleteReceived", "context":{"id":"cc358d90-1d64-4fa5-8904-d2a043f1433a", "isDeleted:":"true", "version":"1713449524433"}}
{"logTime": "0512/193303", "correlationVector":"vsPA0/pBKV1xSIw06XjgQj.140","action":"GetUpdates", "result":"DeleteReceived", "context":{"id":"daecffaa-1657-4f1f-89ee-6fbd322fcae1", "isDeleted:":"true", "version":"1713449524434"}}
{"logTime": "0512/193303", "correlationVector":"vsPA0/pBKV1xSIw06XjgQj.141","action":"GetUpdates", "result":"DeleteReceived", "context":{"id":"0fc90402-1f14-4f6f-8c99-e4f7f5d86bd7", "isDeleted:":"true", "version":"1713449524435"}}
{"logTime": "0512/193303", "correlationVector":"vsPA0/pBKV1xSIw06XjgQj.142","action":"GetUpdates", "result":"DeleteReceived", "context":{"id":"1c19a330-149b-482e-bc99-aa01366b22b2", "isDeleted:":"true", "version":"1713449524436"}}
{"logTime": "0512/193303", "correlationVector":"vsPA0/pBKV1xSIw06XjgQj.143","action":"GetUpdates", "result":"DeleteReceived", "context":{"id":"fcab8481-a049-45ef-9832-21eab278b349", "isDeleted:":"true", "version":"1713454834055"}}
{"logTime": "0512/193303", "correlationVector":"vsPA0/pBKV1xSIw06XjgQj.144","action":"GetUpdates", "result":"DeleteReceived", "context":{"id":"4151cf43-b6e1-4a44-b708-957d3cfb070e", "isDeleted:":"true", "version":"1713454927568"}}
{"logTime": "0512/193303", "correlationVector":"vsPA0/pBKV1xSIw06XjgQj.145","action":"GetUpdates", "result":"DeleteReceived", "context":{"id":"345eefe5-2ba9-4f1d-abb1-3a413f8eff3b", "isDeleted:":"true", "version":"1713456469994"}}
{"logTime": "0512/193303", "correlationVector":"vsPA0/pBKV1xSIw06XjgQj.146","action":"GetUpdates", "result":"DeleteReceived", "context":{"id":"a5f9cdd5-bbbd-412c-9da6-6f72eed5cdff", "isDeleted:":"true", "version":"1713467922248"}}
{"logTime": "0512/193303", "correlationVector":"vsPA0/pBKV1xSIw06XjgQj.147","action":"GetUpdates", "result":"DeleteReceived", "context":{"id":"ced72aa9-9985-4f51-a70b-8f7bd3b8f7ff", "isDeleted:":"true", "version":"1713467922249"}}
{"logTime": "0512/193303", "correlationVector":"vsPA0/pBKV1xSIw06XjgQj.148","action":"GetUpdates", "result":"DeleteReceived", "context":{"id":"dc2612ac-5eaf-4f76-9438-b64f028d549e", "isDeleted:":"true", "version":"1713467922250"}}
{"logTime": "0512/193303", "correlationVector":"vsPA0/pBKV1xSIw06XjgQj.149","action":"GetUpdates", "result":"DeleteReceived", "context":{"id":"77afad61-acfa-4cec-a9c4-29bb754b13dc", "isDeleted:":"true", "version":"1713467922251"}}
{"logTime": "0512/193303", "correlationVector":"vsPA0/pBKV1xSIw06XjgQj.150","action":"GetUpdates", "result":"DeleteReceived", "context":{"id":"3fa2511d-8ddd-4ee7-9616-0e0239aa4c1c", "isDeleted:":"true", "version":"1713471481456"}}
{"logTime": "0512/193303", "correlationVector":"vsPA0/pBKV1xSIw06XjgQj.151","action":"GetUpdates", "result":"DeleteReceived", "context":{"id":"2c7b4ceb-ac33-475e-abbd-10e314ef7672", "isDeleted:":"true", "version":"1713472250137"}}
{"logTime": "0512/193303", "correlationVector":"vsPA0/pBKV1xSIw06XjgQj.152","action":"GetUpdates", "result":"DeleteReceived", "context":{"id":"30a063d1-1ee6-4fea-81ae-0b2160e889d7", "isDeleted:":"true", "version":"1713499487294"}}
{"logTime": "0512/193303", "correlationVector":"vsPA0/pBKV1xSIw06XjgQj.153","action":"GetUpdates", "result":"DeleteReceived", "context":{"id":"be78052e-339d-4ae8-b9df-0933da3793b0", "isDeleted:":"true", "version":"1713539592423"}}
{"logTime": "0512/193303", "correlationVector":"vsPA0/pBKV1xSIw06XjgQj.154","action":"GetUpdates", "result":"DeleteReceived", "context":{"id":"71fa89c1-da81-45fe-b4a7-59935eb90b89", "isDeleted:":"true", "version":"1713542269568"}}
{"logTime": "0512/193303", "correlationVector":"vsPA0/pBKV1xSIw06XjgQj.155","action":"GetUpdates", "result":"DeleteReceived", "context":{"id":"44119318-b829-4c2c-a30f-ec006847b010", "isDeleted:":"true", "version":"1713542269569"}}
{"logTime": "0512/193303", "correlationVector":"vsPA0/pBKV1xSIw06XjgQj.156","action":"GetUpdates", "result":"DeleteReceived", "context":{"id":"6b08b322-6625-4235-988e-37b7ba9b8fd3", "isDeleted:":"true", "version":"1713542296163"}}
{"logTime": "0512/193303", "correlationVector":"vsPA0/pBKV1xSIw06XjgQj.157","action":"GetUpdates", "result":"DeleteReceived", "context":{"id":"3faaf675-7f6c-4586-9f5c-6324a9dfaab8", "isDeleted:":"true", "version":"1713543932981"}}
{"logTime": "0512/193303", "correlationVector":"vsPA0/pBKV1xSIw06XjgQj.158","action":"GetUpdates", "result":"DeleteReceived", "context":{"id":"ec5904f7-0c1b-43e5-8616-fcfe22f08ed4", "isDeleted:":"true", "version":"1713544391267"}}
{"logTime": "0512/193303", "correlationVector":"vsPA0/pBKV1xSIw06XjgQj.159","action":"GetUpdates", "result":"DeleteReceived", "context":{"id":"901fa76e-0dac-4a1b-8290-646319c2ed51", "isDeleted:":"true", "version":"1713545567238"}}
{"logTime": "0512/193303", "correlationVector":"vsPA0/pBKV1xSIw06XjgQj.160","action":"GetUpdates", "result":"DeleteReceived", "context":{"id":"2b6be5be-d2da-4b86-bcd9-3048f57e4663", "isDeleted:":"true", "version":"1713547631331"}}
{"logTime": "0512/193303", "correlationVector":"vsPA0/pBKV1xSIw06XjgQj.161","action":"GetUpdates", "result":"DeleteReceived", "context":{"id":"7d0814eb-44eb-498b-9e66-372749dbd5ff", "isDeleted:":"true", "version":"1713547639683"}}
{"logTime": "0512/193303", "correlationVector":"vsPA0/pBKV1xSIw06XjgQj.162","action":"GetUpdates", "result":"DeleteReceived", "context":{"id":"fc2978de-9e3a-4458-8ac6-afbbc9f1d432", "isDeleted:":"true", "version":"1713594096468"}}
{"logTime": "0512/193303", "correlationVector":"vsPA0/pBKV1xSIw06XjgQj.163","action":"GetUpdates", "result":"DeleteReceived", "context":{"id":"9944d8b4-ead0-4f8b-8489-c5022befbd24", "isDeleted:":"true", "version":"1713594096469"}}
{"logTime": "0512/193303", "correlationVector":"vsPA0/pBKV1xSIw06XjgQj.164","action":"GetUpdates", "result":"DeleteReceived", "context":{"id":"6f884a8b-af27-4176-b100-bca9321336de", "isDeleted:":"true", "version":"1713644938785"}}
{"logTime": "0512/193303", "correlationVector":"vsPA0/pBKV1xSIw06XjgQj.165","action":"GetUpdates", "result":"DeleteReceived", "context":{"id":"b1b9bc68-a0ae-442f-8591-23bdc09c975c", "isDeleted:":"true", "version":"1713644938786"}}
{"logTime": "0512/193303", "correlationVector":"vsPA0/pBKV1xSIw06XjgQj.166","action":"GetUpdates", "result":"DeleteReceived", "context":{"id":"6b3d390d-d7b2-46b2-908d-48bc497815d5", "isDeleted:":"true", "version":"1713645904052"}}
{"logTime": "0512/193303", "correlationVector":"vsPA0/pBKV1xSIw06XjgQj.167","action":"GetUpdates", "result":"DeleteReceived", "context":{"id":"d69bf0d9-dd03-4c71-90b4-b2c93dd44059", "isDeleted:":"true", "version":"1713656453254"}}
{"logTime": "0512/193303", "correlationVector":"vsPA0/pBKV1xSIw06XjgQj.168","action":"GetUpdates", "result":"DeleteReceived", "context":{"id":"6a6d9e5b-30a8-4053-b108-008278c989a8", "isDeleted:":"true", "version":"1713666328408"}}
{"logTime": "0512/193303", "correlationVector":"vsPA0/pBKV1xSIw06XjgQj.169","action":"GetUpdates", "result":"DeleteReceived", "context":{"id":"79732bd9-74eb-46d3-8c76-c7ef75d7b1f0", "isDeleted:":"true", "version":"1713667625952"}}
{"logTime": "0512/193303", "correlationVector":"vsPA0/pBKV1xSIw06XjgQj.170","action":"GetUpdates", "result":"DeleteReceived", "context":{"id":"605136d3-b699-45e8-b177-52d30390041d", "isDeleted:":"true", "version":"1713667625953"}}
{"logTime": "0512/193303", "correlationVector":"vsPA0/pBKV1xSIw06XjgQj.171","action":"GetUpdates", "result":"DeleteReceived", "context":{"id":"4b158a6a-2599-4ea0-8c32-9ea8d8f41b25", "isDeleted:":"true", "version":"1713667625954"}}
{"logTime": "0512/193303", "correlationVector":"vsPA0/pBKV1xSIw06XjgQj.172","action":"GetUpdates", "result":"DeleteReceived", "context":{"id":"3118506c-ca0e-4da2-8276-bc0223ec313e", "isDeleted:":"true", "version":"1713675617122"}}
{"logTime": "0512/193303", "correlationVector":"vsPA0/pBKV1xSIw06XjgQj.173","action":"GetUpdates", "result":"DeleteReceived", "context":{"id":"5b7393ce-77c3-45f8-8ee2-25f372dda63d", "isDeleted:":"true", "version":"1713711044400"}}
{"logTime": "0512/193303", "correlationVector":"vsPA0/pBKV1xSIw06XjgQj.174","action":"GetUpdates", "result":"DeleteReceived", "context":{"id":"2d8e2694-075d-4ad5-9e1a-39dbf634d6c5", "isDeleted:":"true", "version":"1713711044401"}}
{"logTime": "0512/193303", "correlationVector":"vsPA0/pBKV1xSIw06XjgQj.175","action":"GetUpdates", "result":"DeleteReceived", "context":{"id":"663835da-0564-4045-a08f-85abbc600f8b", "isDeleted:":"true", "version":"1713711044402"}}
{"logTime": "0512/193303", "correlationVector":"vsPA0/pBKV1xSIw06XjgQj.176","action":"GetUpdates", "result":"DeleteReceived", "context":{"id":"a97d5965-ced2-4157-9c29-f3a5730c4471", "isDeleted:":"true", "version":"1713716322388"}}
{"logTime": "0512/193303", "correlationVector":"vsPA0/pBKV1xSIw06XjgQj.177","action":"GetUpdates", "result":"DeleteReceived", "context":{"id":"d33d0adb-6822-40b8-a439-78c8b04b8fa5", "isDeleted:":"true", "version":"1713734665030"}}
{"logTime": "0512/193303", "correlationVector":"vsPA0/pBKV1xSIw06XjgQj.178","action":"GetUpdates", "result":"DeleteReceived", "context":{"id":"035188c6-a2af-47d4-a459-77c44d66ba45", "isDeleted:":"true", "version":"1713737949056"}}
{"logTime": "0512/193303", "correlationVector":"vsPA0/pBKV1xSIw06XjgQj.179","action":"GetUpdates", "result":"DeleteReceived", "context":{"id":"470a554e-e65c-400f-afe1-747aecf594f1", "isDeleted:":"true", "version":"1713737949059"}}
{"logTime": "0512/193303", "correlationVector":"vsPA0/pBKV1xSIw06XjgQj.180","action":"GetUpdates", "result":"DeleteReceived", "context":{"id":"dfe2b931-8d57-4ebd-b334-bb3eb659f74d", "isDeleted:":"true", "version":"1713738016930"}}
{"logTime": "0512/193303", "correlationVector":"vsPA0/pBKV1xSIw06XjgQj.181","action":"GetUpdates", "result":"DeleteReceived", "context":{"id":"7e33869d-605c-45c9-a6e9-58787db22386", "isDeleted:":"true", "version":"1713755585119"}}
{"logTime": "0512/193303", "correlationVector":"vsPA0/pBKV1xSIw06XjgQj.182","action":"GetUpdates", "result":"DeleteReceived", "context":{"id":"988afef6-b1a2-45b1-9d8e-b8178c62c5f0", "isDeleted:":"true", "version":"1713767477019"}}
{"logTime": "0512/193303", "correlationVector":"vsPA0/pBKV1xSIw06XjgQj.183","action":"GetUpdates", "result":"DeleteReceived", "context":{"id":"6db96bb0-82b2-4c7a-8148-ddac6f95fc62", "isDeleted:":"true", "version":"1713767477020"}}
{"logTime": "0512/193303", "correlationVector":"vsPA0/pBKV1xSIw06XjgQj.184","action":"GetUpdates", "result":"DeleteReceived", "context":{"id":"a1fd3f67-ac5d-401b-b4af-10406193620a", "isDeleted:":"true", "version":"1713813747613"}}
{"logTime": "0512/193303", "correlationVector":"vsPA0/pBKV1xSIw06XjgQj.185","action":"GetUpdates", "result":"DeleteReceived", "context":{"id":"b91cb2ce-2fe5-4ff4-a7d6-9b8e33909860", "isDeleted:":"true", "version":"1713844205877"}}
{"logTime": "0512/193303", "correlationVector":"vsPA0/pBKV1xSIw06XjgQj.186","action":"GetUpdates", "result":"DeleteReceived", "context":{"id":"3f031a8a-94ee-45f3-8877-65aacdcc29ca", "isDeleted:":"true", "version":"1713846001448"}}
{"logTime": "0512/193303", "correlationVector":"vsPA0/pBKV1xSIw06XjgQj.187","action":"GetUpdates", "result":"DeleteReceived", "context":{"id":"0169d739-517f-40d2-9fb1-20cad4d75f12", "isDeleted:":"true", "version":"1713847205824"}}
{"logTime": "0512/193303", "correlationVector":"vsPA0/pBKV1xSIw06XjgQj.188","action":"GetUpdates", "result":"DeleteReceived", "context":{"id":"93dba75c-3e43-4b89-82d4-5d3c834878f4", "isDeleted:":"true", "version":"1713931700604"}}
{"logTime": "0512/193303", "correlationVector":"vsPA0/pBKV1xSIw06XjgQj.189","action":"GetUpdates", "result":"DeleteReceived", "context":{"id":"c6365975-26fc-430c-9866-8e818e824e6b", "isDeleted:":"true", "version":"1713934693176"}}
{"logTime": "0512/193303", "correlationVector":"vsPA0/pBKV1xSIw06XjgQj.190","action":"GetUpdates", "result":"DeleteReceived", "context":{"id":"35728bca-a21d-4dce-a54f-c933ed19c1bc", "isDeleted:":"true", "version":"1713937209157"}}
{"logTime": "0512/193303", "correlationVector":"vsPA0/pBKV1xSIw06XjgQj.191","action":"GetUpdates", "result":"DeleteReceived", "context":{"id":"68d55526-3beb-42d0-a66f-294bed2a60c6", "isDeleted:":"true", "version":"1713975053735"}}
{"logTime": "0512/193303", "correlationVector":"vsPA0/pBKV1xSIw06XjgQj.192","action":"GetUpdates", "result":"DeleteReceived", "context":{"id":"a4b0d66c-ea56-4fb3-bb76-5c2b1eb142ac", "isDeleted:":"true", "version":"1714007570447"}}
{"logTime": "0512/193303", "correlationVector":"vsPA0/pBKV1xSIw06XjgQj.193","action":"GetUpdates", "result":"DeleteReceived", "context":{"id":"a464e59c-b7cb-432a-8050-9c700adadcd8", "isDeleted:":"true", "version":"1714010412737"}}
{"logTime": "0512/193303", "correlationVector":"vsPA0/pBKV1xSIw06XjgQj.194","action":"GetUpdates", "result":"DeleteReceived", "context":{"id":"0082014f-1cc4-4441-b9f6-55bad944725f", "isDeleted:":"true", "version":"1714025025571"}}
{"logTime": "0512/193303", "correlationVector":"vsPA0/pBKV1xSIw06XjgQj.195","action":"GetUpdates", "result":"DeleteReceived", "context":{"id":"770bb3cc-4a6b-4cdb-8d7a-1ecb41743110", "isDeleted:":"true", "version":"1714026996929"}}
{"logTime": "0512/193303", "correlationVector":"vsPA0/pBKV1xSIw06XjgQj.196","action":"GetUpdates", "result":"DeleteReceived", "context":{"id":"c3c92fa3-39f6-47e8-a532-cd12e6f7c95b", "isDeleted:":"true", "version":"1714066780560"}}
{"logTime": "0512/193303", "correlationVector":"vsPA0/pBKV1xSIw06XjgQj.197","action":"GetUpdates", "result":"DeleteReceived", "context":{"id":"c3daef72-de72-4374-98e9-3d5cb6bd2b1d", "isDeleted:":"true", "version":"1714076070166"}}
{"logTime": "0512/193303", "correlationVector":"vsPA0/pBKV1xSIw06XjgQj.198","action":"GetUpdates", "result":"DeleteReceived", "context":{"id":"d2b40718-c3b4-47cd-be4e-27f3e5c05ce7", "isDeleted:":"true", "version":"1714078040854"}}
{"logTime": "0512/193303", "correlationVector":"vsPA0/pBKV1xSIw06XjgQj.199","action":"GetUpdates", "result":"DeleteReceived", "context":{"id":"636d1a9f-7f60-4e63-8033-9c9056ab6572", "isDeleted:":"true", "version":"1714097472573"}}
{"logTime": "0512/193303", "correlationVector":"vsPA0/pBKV1xSIw06XjgQj.200","action":"GetUpdates", "result":"DeleteReceived", "context":{"id":"b250051c-76bc-44ec-8c38-f55667b2bca6", "isDeleted:":"true", "version":"1714097472574"}}
{"logTime": "0512/193303", "correlationVector":"vsPA0/pBKV1xSIw06XjgQj.201","action":"GetUpdates", "result":"DeleteReceived", "context":{"id":"a00b04ef-66d9-43fd-be68-d1a6cc2ba574", "isDeleted:":"true", "version":"1714112286753"}}
{"logTime": "0512/193303", "correlationVector":"vsPA0/pBKV1xSIw06XjgQj.202","action":"GetUpdates", "result":"DeleteReceived", "context":{"id":"ec2e11bd-4619-44b9-bced-15fab623b1ec", "isDeleted:":"true", "version":"1714112851457"}}
{"logTime": "0512/193303", "correlationVector":"vsPA0/pBKV1xSIw06XjgQj.203","action":"GetUpdates", "result":"DeleteReceived", "context":{"id":"7f06dbd1-e582-4e7b-948b-d27efb293a8a", "isDeleted:":"true", "version":"1714141921461"}}
{"logTime": "0512/193303", "correlationVector":"vsPA0/pBKV1xSIw06XjgQj.204","action":"GetUpdates", "result":"DeleteReceived", "context":{"id":"6d41465e-95cc-4d0c-b58e-1ace3bfd294d", "isDeleted:":"true", "version":"1714141921462"}}
{"logTime": "0512/193303", "correlationVector":"vsPA0/pBKV1xSIw06XjgQj.205","action":"GetUpdates", "result":"DeleteReceived", "context":{"id":"936c0339-237f-4197-a89e-a74da926a5ed", "isDeleted:":"true", "version":"1714141921463"}}
{"logTime": "0512/193303", "correlationVector":"vsPA0/pBKV1xSIw06XjgQj.206","action":"GetUpdates", "result":"DeleteReceived", "context":{"id":"b289a9f9-6b9e-4c9f-8ba1-2866bb0cb1d9", "isDeleted:":"true", "version":"1714141921464"}}
{"logTime": "0512/193303", "correlationVector":"vsPA0/pBKV1xSIw06XjgQj.207","action":"GetUpdates", "result":"DeleteReceived", "context":{"id":"04aaabb9-9cda-4390-8256-694c37bb94f1", "isDeleted:":"true", "version":"1714150814983"}}
{"logTime": "0512/193303", "correlationVector":"vsPA0/pBKV1xSIw06XjgQj.208","action":"GetUpdates", "result":"DeleteReceived", "context":{"id":"98ef6476-1219-4ffd-b04a-9765d9a640f5", "isDeleted:":"true", "version":"1714160066488"}}
{"logTime": "0512/193303", "correlationVector":"vsPA0/pBKV1xSIw06XjgQj.209","action":"GetUpdates", "result":"DeleteReceived", "context":{"id":"cea70a9d-8075-4322-a688-5ef4ea459653", "isDeleted:":"true", "version":"1714746533937"}}
{"logTime": "0512/193303", "correlationVector":"vsPA0/pBKV1xSIw06XjgQj.210","action":"GetUpdates", "result":"DeleteReceived", "context":{"id":"b2149889-bb29-4b20-8be9-0480ab12a284", "isDeleted:":"true", "version":"1714746533938"}}
{"logTime": "0512/193303", "correlationVector":"vsPA0/pBKV1xSIw06XjgQj.211","action":"GetUpdates", "result":"DeleteReceived", "context":{"id":"7793227a-271e-4d86-abe6-a50a700f2df9", "isDeleted:":"true", "version":"1714746533940"}}
{"logTime": "0512/193303", "correlationVector":"vsPA0/pBKV1xSIw06XjgQj.212","action":"GetUpdates", "result":"DeleteReceived", "context":{"id":"546f1462-a09c-4a21-8071-3d4a44467931", "isDeleted:":"true", "version":"1714746533941"}}
{"logTime": "0512/193303", "correlationVector":"vsPA0/pBKV1xSIw06XjgQj.213","action":"GetUpdates", "result":"DeleteReceived", "context":{"id":"5f8b50a3-01b6-43b9-955f-e8fe0ec5bbf6", "isDeleted:":"true", "version":"1714754137827"}}
{"logTime": "0512/193303", "correlationVector":"vsPA0/pBKV1xSIw06XjgQj.214","action":"GetUpdates", "result":"DeleteReceived", "context":{"id":"c98799e8-5198-4c09-8fe9-bfb7589b87ef", "isDeleted:":"true", "version":"1714766648676"}}
{"logTime": "0512/193303", "correlationVector":"vsPA0/pBKV1xSIw06XjgQj.215","action":"GetUpdates", "result":"DeleteReceived", "context":{"id":"21235ed3-5c62-4cff-95a4-9c34e684e02a", "isDeleted:":"true", "version":"1714766648677"}}
{"logTime": "0512/193303", "correlationVector":"vsPA0/pBKV1xSIw06XjgQj.216","action":"GetUpdates", "result":"DeleteReceived", "context":{"id":"24cb58fd-2fa8-4b1a-a68c-1942474512e8", "isDeleted:":"true", "version":"1714858592325"}}
{"logTime": "0512/193303", "correlationVector":"vsPA0/pBKV1xSIw06XjgQj.217","action":"GetUpdates", "result":"DeleteReceived", "context":{"id":"c305ad08-2610-462e-a43c-df50fd41c687", "isDeleted:":"true", "version":"1714859256727"}}
{"logTime": "0512/193303", "correlationVector":"vsPA0/pBKV1xSIw06XjgQj.218","action":"GetUpdates", "result":"DeleteReceived", "context":{"id":"a959d7f7-8333-49b0-b930-6e10d6b4bca7", "isDeleted:":"true", "version":"1714862448440"}}
{"logTime": "0512/193303", "correlationVector":"vsPA0/pBKV1xSIw06XjgQj.219","action":"GetUpdates", "result":"DeleteReceived", "context":{"id":"85ca322f-7065-4be2-a66d-10445e12b432", "isDeleted:":"true", "version":"1714953471236"}}
{"logTime": "0512/193303", "correlationVector":"vsPA0/pBKV1xSIw06XjgQj.220","action":"GetUpdates", "result":"DeleteReceived", "context":{"id":"7a8b8338-112b-4858-95b9-79498edcc8a5", "isDeleted:":"true", "version":"1714953471237"}}
{"logTime": "0512/193303", "correlationVector":"vsPA0/pBKV1xSIw06XjgQj.221","action":"GetUpdates", "result":"DeleteReceived", "context":{"id":"b9fbb6d6-09ba-4419-a47a-663dd4862702", "isDeleted:":"true", "version":"1714954405838"}}
{"logTime": "0512/193303", "correlationVector":"vsPA0/pBKV1xSIw06XjgQj.222","action":"GetUpdates", "result":"DeleteReceived", "context":{"id":"cc9f95ff-85ba-4a25-a650-9732fb260c9f", "isDeleted:":"true", "version":"1714957897533"}}
{"logTime": "0512/193303", "correlationVector":"vsPA0/pBKV1xSIw06XjgQj.223","action":"GetUpdates", "result":"DeleteReceived", "context":{"id":"2fed6b88-66a9-43fb-b795-88b52f9d9efd", "isDeleted:":"true", "version":"1714959736041"}}
{"logTime": "0512/193303", "correlationVector":"vsPA0/pBKV1xSIw06XjgQj.224","action":"GetUpdates", "result":"DeleteReceived", "context":{"id":"225f834e-384f-408d-bcb7-698acada8e7d", "isDeleted:":"true", "version":"1714972169241"}}
{"logTime": "0512/193303", "correlationVector":"vsPA0/pBKV1xSIw06XjgQj.225","action":"GetUpdates", "result":"DeleteReceived", "context":{"id":"d4cc2dba-ccc8-457d-9403-7380c49b4c6a", "isDeleted:":"true", "version":"1714973772481"}}
{"logTime": "0512/193303", "correlationVector":"vsPA0/pBKV1xSIw06XjgQj.226","action":"GetUpdates", "result":"DeleteReceived", "context":{"id":"d106d6e4-5227-4a6d-a84a-776fea412695", "isDeleted:":"true", "version":"1714973772484"}}
{"logTime": "0512/193303", "correlationVector":"vsPA0/pBKV1xSIw06XjgQj.227","action":"GetUpdates", "result":"DeleteReceived", "context":{"id":"2d986d70-db52-4d9d-97f5-e7cd6e4b1aaf", "isDeleted:":"true", "version":"1714974640946"}}
{"logTime": "0512/193303", "correlationVector":"vsPA0/pBKV1xSIw06XjgQj.228","action":"GetUpdates Response", "result":"Success", "context":Received 250 update(s). cV=vsPA0/pBKV1xSIw06XjgQj.0;server=GENERAL0100000U;cloudType=Consumer;environment=Prod_EastUS2_000e;migrationStage=NotStarted Some updates remain.}
{"logTime": "0512/193303", "correlationVector":"l2Mwi1RoNnUwBVIo8e5Zwy","action":"Initial GetUpdates", "result":"", "context":Reason: NEWLY_SUPPORTED_DATATYPE. cV=l2Mwi1RoNnUwBVIo8e5Zwy}
{"logTime": "0512/193304", "correlationVector":"l2Mwi1RoNnUwBVIo8e5Zwy.1","action":"SyncServerConnectionManagerRequest", "result":"SYNC_SERVER_OK", "context":{"environment":"Prod_EastUS2_000e", "migrationStage":"NotStarted", "server":"GENERAL0100001P"}}
{"logTime": "0512/193304", "correlationVector":"l2Mwi1RoNnUwBVIo8e5Zwy.2","action":"GetUpdates", "result":"DeleteReceived", "context":{"id":"83939659-c75f-41fa-9fc9-f83d82a786f4", "isDeleted:":"true", "version":"1715012741711"}}
{"logTime": "0512/193304", "correlationVector":"l2Mwi1RoNnUwBVIo8e5Zwy.3","action":"GetUpdates", "result":"DeleteReceived", "context":{"id":"8c3e7535-a8d7-4673-af85-006a32bb3840", "isDeleted:":"true", "version":"1715013290252"}}
{"logTime": "0512/193304", "correlationVector":"l2Mwi1RoNnUwBVIo8e5Zwy.4","action":"GetUpdates", "result":"DeleteReceived", "context":{"id":"7c4c7041-1f4c-44af-9d9c-a35a60b10923", "isDeleted:":"true", "version":"1715017468481"}}
{"logTime": "0512/193304", "correlationVector":"l2Mwi1RoNnUwBVIo8e5Zwy.5","action":"GetUpdates", "result":"DeleteReceived", "context":{"id":"ba10e217-91c0-4abb-80a4-8717bf0ef7d5", "isDeleted:":"true", "version":"1715019335181"}}
{"logTime": "0512/193304", "correlationVector":"l2Mwi1RoNnUwBVIo8e5Zwy.6","action":"GetUpdates", "result":"DeleteReceived", "context":{"id":"f271a46e-ca93-4fac-a090-0ebb10c76c88", "isDeleted:":"true", "version":"1715024865891"}}
{"logTime": "0512/193304", "correlationVector":"l2Mwi1RoNnUwBVIo8e5Zwy.7","action":"GetUpdates", "result":"DeleteReceived", "context":{"id":"f2d6ab80-1150-4be7-8623-1a92e267f9b3", "isDeleted:":"true", "version":"1715028192406"}}
{"logTime": "0512/193304", "correlationVector":"l2Mwi1RoNnUwBVIo8e5Zwy.8","action":"GetUpdates", "result":"DeleteReceived", "context":{"id":"04f44372-6bfb-4b86-92c0-c521b8a952bc", "isDeleted:":"true", "version":"1715029992245"}}
{"logTime": "0512/193304", "correlationVector":"l2Mwi1RoNnUwBVIo8e5Zwy.9","action":"GetUpdates", "result":"DeleteReceived", "context":{"id":"40ab91ba-7545-4f63-8626-de1ca29252f0", "isDeleted:":"true", "version":"1715030493175"}}
{"logTime": "0512/193304", "correlationVector":"l2Mwi1RoNnUwBVIo8e5Zwy.10","action":"GetUpdates", "result":"DeleteReceived", "context":{"id":"e06eff47-8291-41cd-add5-5e586e89fdd4", "isDeleted:":"true", "version":"1715030823798"}}
{"logTime": "0512/193304", "correlationVector":"l2Mwi1RoNnUwBVIo8e5Zwy.11","action":"GetUpdates", "result":"DeleteReceived", "context":{"id":"40d8f6af-3620-4ae7-852f-f482647f8d88", "isDeleted:":"true", "version":"1715038106074"}}
{"logTime": "0512/193304", "correlationVector":"l2Mwi1RoNnUwBVIo8e5Zwy.12","action":"GetUpdates", "result":"DeleteReceived", "context":{"id":"46b40dcb-7d01-4da9-a184-febb0613e4ec", "isDeleted:":"true", "version":"1715038106077"}}
{"logTime": "0512/193304", "correlationVector":"l2Mwi1RoNnUwBVIo8e5Zwy.13","action":"GetUpdates", "result":"DeleteReceived", "context":{"id":"c061ea17-7059-4e5e-bbc1-42716d1e477a", "isDeleted:":"true", "version":"1715040094710"}}
{"logTime": "0512/193304", "correlationVector":"l2Mwi1RoNnUwBVIo8e5Zwy.14","action":"GetUpdates", "result":"DeleteReceived", "context":{"id":"10d938c2-22d6-4222-bbfb-2fced48e3eb1", "isDeleted:":"true", "version":"1715044330684"}}
{"logTime": "0512/193304", "correlationVector":"l2Mwi1RoNnUwBVIo8e5Zwy.15","action":"GetUpdates", "result":"DeleteReceived", "context":{"id":"158e8ace-2549-4085-8efb-fccb430badfa", "isDeleted:":"true", "version":"1715050130012"}}
{"logTime": "0512/193304", "correlationVector":"l2Mwi1RoNnUwBVIo8e5Zwy.16","action":"GetUpdates", "result":"DeleteReceived", "context":{"id":"ae28a298-44b7-4b3a-9639-d679f29d27d8", "isDeleted:":"true", "version":"1715051448047"}}
{"logTime": "0512/193304", "correlationVector":"l2Mwi1RoNnUwBVIo8e5Zwy.17","action":"GetUpdates", "result":"DeleteReceived", "context":{"id":"573ec0f7-138e-433d-8002-ef7ba6e127a9", "isDeleted:":"true", "version":"1715051448049"}}
{"logTime": "0512/193304", "correlationVector":"l2Mwi1RoNnUwBVIo8e5Zwy.18","action":"GetUpdates", "result":"DeleteReceived", "context":{"id":"088a5ae9-1b3e-40b6-bdd6-70345aa2a318", "isDeleted:":"true", "version":"1715051448050"}}
{"logTime": "0512/193304", "correlationVector":"l2Mwi1RoNnUwBVIo8e5Zwy.19","action":"GetUpdates", "result":"DeleteReceived", "context":{"id":"fae9e4ba-0522-4fea-afd0-74663819c505", "isDeleted:":"true", "version":"1715053356910"}}
{"logTime": "0512/193304", "correlationVector":"l2Mwi1RoNnUwBVIo8e5Zwy.20","action":"GetUpdates", "result":"DeleteReceived", "context":{"id":"e8f42086-3d62-40a9-9f96-6a52e32aaff9", "isDeleted:":"true", "version":"1715053845570"}}
{"logTime": "0512/193304", "correlationVector":"l2Mwi1RoNnUwBVIo8e5Zwy.21","action":"GetUpdates", "result":"DeleteReceived", "context":{"id":"871c84b1-3f4f-4ad4-a861-749bed77d6b6", "isDeleted:":"true", "version":"1715054142140"}}
{"logTime": "0512/193304", "correlationVector":"l2Mwi1RoNnUwBVIo8e5Zwy.22","action":"GetUpdates", "result":"DeleteReceived", "context":{"id":"4e8188a8-95a6-4517-b007-6dc00ca2a2f8", "isDeleted:":"true", "version":"1715054142142"}}
{"logTime": "0512/193304", "correlationVector":"l2Mwi1RoNnUwBVIo8e5Zwy.23","action":"GetUpdates", "result":"DeleteReceived", "context":{"id":"6de77f99-e72f-4f5a-93ef-23cc75148073", "isDeleted:":"true", "version":"1715054142143"}}
{"logTime": "0512/193304", "correlationVector":"l2Mwi1RoNnUwBVIo8e5Zwy.24","action":"GetUpdates", "result":"DeleteReceived", "context":{"id":"6bc25167-eb0e-413c-8510-e06450a793a6", "isDeleted:":"true", "version":"1715055055328"}}
{"logTime": "0512/193304", "correlationVector":"l2Mwi1RoNnUwBVIo8e5Zwy.25","action":"GetUpdates", "result":"DeleteReceived", "context":{"id":"e4343eac-27f8-44f8-bbff-25160bbd5416", "isDeleted:":"true", "version":"1715056349666"}}
{"logTime": "0512/193304", "correlationVector":"l2Mwi1RoNnUwBVIo8e5Zwy.26","action":"GetUpdates", "result":"DeleteReceived", "context":{"id":"ce8fb482-8bc4-4752-baf0-dad5e71146d6", "isDeleted:":"true", "version":"1715056724137"}}
{"logTime": "0512/193304", "correlationVector":"l2Mwi1RoNnUwBVIo8e5Zwy.27","action":"GetUpdates", "result":"DeleteReceived", "context":{"id":"633f088f-f4dd-4d34-87f1-352af0b69f6d", "isDeleted:":"true", "version":"1715056724138"}}
{"logTime": "0512/193304", "correlationVector":"l2Mwi1RoNnUwBVIo8e5Zwy.28","action":"GetUpdates", "result":"DeleteReceived", "context":{"id":"898ff61f-bfd6-4120-995c-1ac3f480ae15", "isDeleted:":"true", "version":"1715058875847"}}
{"logTime": "0512/193304", "correlationVector":"l2Mwi1RoNnUwBVIo8e5Zwy.29","action":"GetUpdates", "result":"DeleteReceived", "context":{"id":"0e16acec-08cc-4c74-b7ae-8e927d76987a", "isDeleted:":"true", "version":"1715062284105"}}
{"logTime": "0512/193304", "correlationVector":"l2Mwi1RoNnUwBVIo8e5Zwy.30","action":"GetUpdates", "result":"DeleteReceived", "context":{"id":"67f0ab53-0440-444c-b3b6-9368015852a2", "isDeleted:":"true", "version":"1715064366517"}}
{"logTime": "0512/193304", "correlationVector":"l2Mwi1RoNnUwBVIo8e5Zwy.31","action":"GetUpdates", "result":"DeleteReceived", "context":{"id":"9e7516db-e8a1-417e-a48b-97fea7c21b72", "isDeleted:":"true", "version":"1715064713886"}}
{"logTime": "0512/193304", "correlationVector":"l2Mwi1RoNnUwBVIo8e5Zwy.32","action":"GetUpdates", "result":"DeleteReceived", "context":{"id":"a174b6e8-ebc1-41ea-8a1a-c8f7718ed225", "isDeleted:":"true", "version":"1715226923353"}}
{"logTime": "0512/193304", "correlationVector":"l2Mwi1RoNnUwBVIo8e5Zwy.33","action":"GetUpdates", "result":"DeleteReceived", "context":{"id":"17b0d38e-5f9f-4911-ae3f-d075688fe2dd", "isDeleted:":"true", "version":"1715228965044"}}
{"logTime": "0512/193304", "correlationVector":"l2Mwi1RoNnUwBVIo8e5Zwy.34","action":"GetUpdates", "result":"DeleteReceived", "context":{"id":"364a46ad-0b7b-48de-8e1c-03d9e890fbc3", "isDeleted:":"true", "version":"1715230183658"}}
{"logTime": "0512/193304", "correlationVector":"l2Mwi1RoNnUwBVIo8e5Zwy.35","action":"GetUpdates", "result":"DeleteReceived", "context":{"id":"0a8e528d-47b6-4a5c-9889-c9129a0bbb8a", "isDeleted:":"true", "version":"1715236765197"}}
{"logTime": "0512/193304", "correlationVector":"l2Mwi1RoNnUwBVIo8e5Zwy.36","action":"GetUpdates", "result":"DeleteReceived", "context":{"id":"b46ceceb-12ea-4fbc-a038-c51bca1caf26", "isDeleted:":"true", "version":"1715237132309"}}
{"logTime": "0512/193304", "correlationVector":"l2Mwi1RoNnUwBVIo8e5Zwy.37","action":"GetUpdates", "result":"DeleteReceived", "context":{"id":"3fb6d484-66f1-4e7d-88d4-9bad2f3204be", "isDeleted:":"true", "version":"1715237323319"}}
{"logTime": "0512/193304", "correlationVector":"l2Mwi1RoNnUwBVIo8e5Zwy.38","action":"GetUpdates", "result":"DeleteReceived", "context":{"id":"60d33b30-14ac-4588-8d0b-f35ac0cc03fd", "isDeleted:":"true", "version":"1715237323320"}}
{"logTime": "0512/193304", "correlationVector":"l2Mwi1RoNnUwBVIo8e5Zwy.39","action":"GetUpdates", "result":"DeleteReceived", "context":{"id":"a5b01337-9442-476e-9a4f-39c1e6ee6bf6", "isDeleted:":"true", "version":"1715237323321"}}
{"logTime": "0512/193304", "correlationVector":"l2Mwi1RoNnUwBVIo8e5Zwy.40","action":"GetUpdates", "result":"DeleteReceived", "context":{"id":"6bfc7171-d42a-4735-a2f9-9beed9c9fce4", "isDeleted:":"true", "version":"1715237323322"}}
{"logTime": "0512/193304", "correlationVector":"l2Mwi1RoNnUwBVIo8e5Zwy.41","action":"GetUpdates", "result":"DeleteReceived", "context":{"id":"19816c46-5a1e-494a-ad35-dc684e67ac1c", "isDeleted:":"true", "version":"1715238215840"}}
{"logTime": "0512/193304", "correlationVector":"l2Mwi1RoNnUwBVIo8e5Zwy.42","action":"GetUpdates", "result":"DeleteReceived", "context":{"id":"434fa412-b7f2-4584-b37c-28feb27a6a51", "isDeleted:":"true", "version":"1715280738830"}}
{"logTime": "0512/193304", "correlationVector":"l2Mwi1RoNnUwBVIo8e5Zwy.43","action":"GetUpdates", "result":"DeleteReceived", "context":{"id":"e1ae115a-f68c-4e76-9533-31908e5e1c10", "isDeleted:":"true", "version":"1715280934777"}}
{"logTime": "0512/193304", "correlationVector":"l2Mwi1RoNnUwBVIo8e5Zwy.44","action":"GetUpdates", "result":"DeleteReceived", "context":{"id":"47b7d3a8-5c4d-41c3-be63-bf6e2a1aefbf", "isDeleted:":"true", "version":"1715281116021"}}
{"logTime": "0512/193304", "correlationVector":"l2Mwi1RoNnUwBVIo8e5Zwy.45","action":"GetUpdates", "result":"DeleteReceived", "context":{"id":"97bddb12-1284-402b-9b0a-e4a97c28c7b6", "isDeleted:":"true", "version":"1715281733959"}}
{"logTime": "0512/193304", "correlationVector":"l2Mwi1RoNnUwBVIo8e5Zwy.46","action":"GetUpdates", "result":"DeleteReceived", "context":{"id":"41152662-c62e-4b82-a6e9-85e2956113b0", "isDeleted:":"true", "version":"1715288580687"}}
{"logTime": "0512/193304", "correlationVector":"l2Mwi1RoNnUwBVIo8e5Zwy.47","action":"GetUpdates", "result":"DeleteReceived", "context":{"id":"257c1a64-39d7-40b6-b6a2-3366e1c2aab9", "isDeleted:":"true", "version":"1715291927563"}}
{"logTime": "0512/193304", "correlationVector":"l2Mwi1RoNnUwBVIo8e5Zwy.48","action":"GetUpdates", "result":"DeleteReceived", "context":{"id":"69f2cfe8-b321-48cc-bdaf-f66a5f655c32", "isDeleted:":"true", "version":"1715291927564"}}
{"logTime": "0512/193304", "correlationVector":"l2Mwi1RoNnUwBVIo8e5Zwy.49","action":"GetUpdates", "result":"DeleteReceived", "context":{"id":"5a58e7c2-3f77-417d-86c9-208a629429a9", "isDeleted:":"true", "version":"1715294128581"}}
{"logTime": "0512/193304", "correlationVector":"l2Mwi1RoNnUwBVIo8e5Zwy.50","action":"GetUpdates", "result":"DeleteReceived", "context":{"id":"9e73b430-73e8-4d6c-88d9-9b0186292143", "isDeleted:":"true", "version":"1715294128582"}}
{"logTime": "0512/193304", "correlationVector":"l2Mwi1RoNnUwBVIo8e5Zwy.51","action":"GetUpdates", "result":"DeleteReceived", "context":{"id":"a0f24ee7-5998-44ae-955b-2c1106ffd6b0", "isDeleted:":"true", "version":"1715294128585"}}
{"logTime": "0512/193304", "correlationVector":"l2Mwi1RoNnUwBVIo8e5Zwy.52","action":"GetUpdates", "result":"DeleteReceived", "context":{"id":"f2317da0-856c-4f44-91a8-f6e7ae54c24e", "isDeleted:":"true", "version":"1715294128586"}}
{"logTime": "0512/193304", "correlationVector":"l2Mwi1RoNnUwBVIo8e5Zwy.53","action":"GetUpdates", "result":"DeleteReceived", "context":{"id":"01425577-0918-4f2a-a97d-73797f3f6e5f", "isDeleted:":"true", "version":"1715294314598"}}
{"logTime": "0512/193304", "correlationVector":"l2Mwi1RoNnUwBVIo8e5Zwy.54","action":"GetUpdates", "result":"DeleteReceived", "context":{"id":"37952f30-755b-413e-bed1-d8ddc05450fe", "isDeleted:":"true", "version":"1715299253440"}}
{"logTime": "0512/193304", "correlationVector":"l2Mwi1RoNnUwBVIo8e5Zwy.55","action":"GetUpdates", "result":"DeleteReceived", "context":{"id":"63719b1d-450b-4e22-ba8b-8ec03da4f52c", "isDeleted:":"true", "version":"1715299930647"}}
{"logTime": "0512/193304", "correlationVector":"l2Mwi1RoNnUwBVIo8e5Zwy.56","action":"GetUpdates", "result":"DeleteReceived", "context":{"id":"310aaaee-7d32-4cc2-8835-6c9a6b30e4c7", "isDeleted:":"true", "version":"1715302885387"}}
{"logTime": "0512/193304", "correlationVector":"l2Mwi1RoNnUwBVIo8e5Zwy.57","action":"GetUpdates", "result":"DeleteReceived", "context":{"id":"a90de957-0e2e-44bc-a50c-e31254eb7f65", "isDeleted:":"true", "version":"1715303461371"}}
{"logTime": "0512/193304", "correlationVector":"l2Mwi1RoNnUwBVIo8e5Zwy.58","action":"GetUpdates", "result":"DeleteReceived", "context":{"id":"ff5df860-c767-43a1-9163-8d5f1131ede4", "isDeleted:":"true", "version":"1715304977647"}}
{"logTime": "0512/193304", "correlationVector":"l2Mwi1RoNnUwBVIo8e5Zwy.59","action":"GetUpdates", "result":"DeleteReceived", "context":{"id":"8d3b880a-0462-47ff-a98c-91258637c71f", "isDeleted:":"true", "version":"1715304977648"}}
{"logTime": "0512/193304", "correlationVector":"l2Mwi1RoNnUwBVIo8e5Zwy.60","action":"GetUpdates", "result":"DeleteReceived", "context":{"id":"c0bc22f6-b36c-49d7-937c-475662a915e8", "isDeleted:":"true", "version":"1715318383381"}}
{"logTime": "0512/193304", "correlationVector":"l2Mwi1RoNnUwBVIo8e5Zwy.61","action":"GetUpdates", "result":"DeleteReceived", "context":{"id":"3f4467fb-e90e-4652-a1c6-5a51d0ff391f", "isDeleted:":"true", "version":"1715321154469"}}
{"logTime": "0512/193304", "correlationVector":"l2Mwi1RoNnUwBVIo8e5Zwy.62","action":"GetUpdates", "result":"DeleteReceived", "context":{"id":"ad2ce816-0a19-4212-87a9-75a49c1ea8fe", "isDeleted:":"true", "version":"1715321516665"}}
{"logTime": "0512/193304", "correlationVector":"l2Mwi1RoNnUwBVIo8e5Zwy.63","action":"GetUpdates", "result":"DeleteReceived", "context":{"id":"7cccdd7f-266b-4398-b949-61a0f8fc9024", "isDeleted:":"true", "version":"1715321624006"}}
{"logTime": "0512/193304", "correlationVector":"l2Mwi1RoNnUwBVIo8e5Zwy.64","action":"GetUpdates", "result":"DeleteReceived", "context":{"id":"54759c80-cac8-4108-a5c6-8f9f2496cc81", "isDeleted:":"true", "version":"1715323159146"}}
{"logTime": "0512/193304", "correlationVector":"l2Mwi1RoNnUwBVIo8e5Zwy.65","action":"GetUpdates", "result":"DeleteReceived", "context":{"id":"58efab16-0a92-4176-b999-bd99500970c7", "isDeleted:":"true", "version":"1715323831795"}}
{"logTime": "0512/193304", "correlationVector":"l2Mwi1RoNnUwBVIo8e5Zwy.66","action":"GetUpdates", "result":"DeleteReceived", "context":{"id":"425572b8-8535-4c30-813d-b0a68d5960ec", "isDeleted:":"true", "version":"1715326032136"}}
{"logTime": "0512/193304", "correlationVector":"l2Mwi1RoNnUwBVIo8e5Zwy.67","action":"GetUpdates", "result":"DeleteReceived", "context":{"id":"9f558a97-b272-4a08-a459-35c4872892e7", "isDeleted:":"true", "version":"1715347747983"}}
{"logTime": "0512/193304", "correlationVector":"l2Mwi1RoNnUwBVIo8e5Zwy.68","action":"GetUpdates", "result":"DeleteReceived", "context":{"id":"4415b2b2-3cdf-479f-867d-b9a373c6b11e", "isDeleted:":"true", "version":"1715347747984"}}
{"logTime": "0512/193304", "correlationVector":"l2Mwi1RoNnUwBVIo8e5Zwy.69","action":"GetUpdates", "result":"DeleteReceived", "context":{"id":"e6f1830a-e408-406f-b44b-f2ea0ac297c3", "isDeleted:":"true", "version":"1715347747986"}}
{"logTime": "0512/193304", "correlationVector":"l2Mwi1RoNnUwBVIo8e5Zwy.70","action":"GetUpdates", "result":"DeleteReceived", "context":{"id":"27cfec7e-becb-4327-8e6e-dd7644460878", "isDeleted:":"true", "version":"1715350468449"}}
{"logTime": "0512/193304", "correlationVector":"l2Mwi1RoNnUwBVIo8e5Zwy.71","action":"GetUpdates", "result":"DeleteReceived", "context":{"id":"d7be3b0f-4857-4b69-b33b-254c2db56ca5", "isDeleted:":"true", "version":"1715350468450"}}
{"logTime": "0512/193304", "correlationVector":"l2Mwi1RoNnUwBVIo8e5Zwy.72","action":"GetUpdates", "result":"DeleteReceived", "context":{"id":"2e8afc2a-46a7-4189-a065-2be9e61ff891", "isDeleted:":"true", "version":"1715351698533"}}
{"logTime": "0512/193304", "correlationVector":"l2Mwi1RoNnUwBVIo8e5Zwy.73","action":"GetUpdates", "result":"DeleteReceived", "context":{"id":"248761d7-c73f-489c-a33d-f47ee7cb97c2", "isDeleted:":"true", "version":"1715352443410"}}
{"logTime": "0512/193304", "correlationVector":"l2Mwi1RoNnUwBVIo8e5Zwy.74","action":"GetUpdates", "result":"DeleteReceived", "context":{"id":"d734ecc2-0038-45b4-948b-8057b30e8f16", "isDeleted:":"true", "version":"1715352778659"}}
{"logTime": "0512/193304", "correlationVector":"l2Mwi1RoNnUwBVIo8e5Zwy.75","action":"GetUpdates", "result":"DeleteReceived", "context":{"id":"7f4484ec-cfed-469a-8fc1-e91e9e992e11", "isDeleted:":"true", "version":"1715352893862"}}
{"logTime": "0512/193304", "correlationVector":"l2Mwi1RoNnUwBVIo8e5Zwy.76","action":"GetUpdates", "result":"DeleteReceived", "context":{"id":"2deb34e3-7e84-4a2b-9bc9-9e2e0c407cdb", "isDeleted:":"true", "version":"1715356831464"}}
{"logTime": "0512/193304", "correlationVector":"l2Mwi1RoNnUwBVIo8e5Zwy.77","action":"GetUpdates", "result":"DeleteReceived", "context":{"id":"01ba121b-bd11-45c5-977d-b11ccce4573d", "isDeleted:":"true", "version":"1715358955862"}}
{"logTime": "0512/193304", "correlationVector":"l2Mwi1RoNnUwBVIo8e5Zwy.78","action":"GetUpdates", "result":"DeleteReceived", "context":{"id":"982cd407-8078-4100-8f28-7a45c8ef373a", "isDeleted:":"true", "version":"1715359367859"}}
{"logTime": "0512/193304", "correlationVector":"l2Mwi1RoNnUwBVIo8e5Zwy.79","action":"GetUpdates", "result":"DeleteReceived", "context":{"id":"45ef04be-0a4a-4a57-80b5-cee6d1b51629", "isDeleted:":"true", "version":"1715361565734"}}
{"logTime": "0512/193304", "correlationVector":"l2Mwi1RoNnUwBVIo8e5Zwy.80","action":"GetUpdates", "result":"DeleteReceived", "context":{"id":"b475c9a0-2744-4cea-a6b6-870b1798e950", "isDeleted:":"true", "version":"1715399336407"}}
{"logTime": "0512/193304", "correlationVector":"l2Mwi1RoNnUwBVIo8e5Zwy.81","action":"GetUpdates", "result":"DeleteReceived", "context":{"id":"9b1ab672-642e-47fb-96a7-aa8ba796d2f6", "isDeleted:":"true", "version":"1715399336410"}}
{"logTime": "0512/193304", "correlationVector":"l2Mwi1RoNnUwBVIo8e5Zwy.82","action":"GetUpdates", "result":"DeleteReceived", "context":{"id":"0aea64ad-bc15-4dec-af63-f112a7b2a6f0", "isDeleted:":"true", "version":"1715399336411"}}
{"logTime": "0512/193304", "correlationVector":"l2Mwi1RoNnUwBVIo8e5Zwy.83","action":"GetUpdates", "result":"DeleteReceived", "context":{"id":"5bee0d4b-293b-4842-94c5-ce4e130d826f", "isDeleted:":"true", "version":"1715399336412"}}
{"logTime": "0512/193304", "correlationVector":"l2Mwi1RoNnUwBVIo8e5Zwy.84","action":"GetUpdates", "result":"DeleteReceived", "context":{"id":"900d903d-a875-495c-ab14-99abd7528a2a", "isDeleted:":"true", "version":"1715407227752"}}
{"logTime": "0512/193304", "correlationVector":"l2Mwi1RoNnUwBVIo8e5Zwy.85","action":"GetUpdates", "result":"DeleteReceived", "context":{"id":"f2c8980c-6c01-4b4b-af33-a8c9a74d3c9f", "isDeleted:":"true", "version":"1715407227753"}}
{"logTime": "0512/193304", "correlationVector":"l2Mwi1RoNnUwBVIo8e5Zwy.86","action":"GetUpdates", "result":"DeleteReceived", "context":{"id":"8728b9fb-947f-428e-91b0-b7ead3c81e8e", "isDeleted:":"true", "version":"1715411813564"}}
{"logTime": "0512/193304", "correlationVector":"l2Mwi1RoNnUwBVIo8e5Zwy.87","action":"GetUpdates", "result":"DeleteReceived", "context":{"id":"ceeed802-af97-40b4-a2ad-7b96cdd5fd15", "isDeleted:":"true", "version":"1715413116818"}}
{"logTime": "0512/193304", "correlationVector":"l2Mwi1RoNnUwBVIo8e5Zwy.88","action":"GetUpdates", "result":"DeleteReceived", "context":{"id":"78ba99b4-a410-4549-bc61-1434a58431a4", "isDeleted:":"true", "version":"1715458538843"}}
{"logTime": "0512/193304", "correlationVector":"l2Mwi1RoNnUwBVIo8e5Zwy.89","action":"GetUpdates", "result":"DeleteReceived", "context":{"id":"3ab30a98-c9ae-4495-a6e2-f515a9f9fc65", "isDeleted:":"true", "version":"1715460282761"}}
{"logTime": "0512/193304", "correlationVector":"l2Mwi1RoNnUwBVIo8e5Zwy.90","action":"GetUpdates", "result":"DeleteReceived", "context":{"id":"35a397d0-5a87-4e0b-b03a-45f30091026c", "isDeleted:":"true", "version":"1715461106790"}}
{"logTime": "0512/193304", "correlationVector":"l2Mwi1RoNnUwBVIo8e5Zwy.91","action":"GetUpdates", "result":"DeleteReceived", "context":{"id":"0b914c6b-58ff-4442-991c-d6f17019639e", "isDeleted:":"true", "version":"1715496840761"}}
{"logTime": "0512/193304", "correlationVector":"l2Mwi1RoNnUwBVIo8e5Zwy.92","action":"GetUpdates", "result":"DeleteReceived", "context":{"id":"992f8543-cae1-482a-abb7-b0ffe1ae00f0", "isDeleted:":"true", "version":"1715536488038"}}
{"logTime": "0512/193304", "correlationVector":"l2Mwi1RoNnUwBVIo8e5Zwy.93","action":"GetUpdates", "result":"DeleteReceived", "context":{"id":"b79aa955-a3e0-452a-842d-f75df1eb7651", "isDeleted:":"true", "version":"1715539136801"}}
{"logTime": "0512/193304", "correlationVector":"l2Mwi1RoNnUwBVIo8e5Zwy.94","action":"GetUpdates", "result":"DeleteReceived", "context":{"id":"aac76944-b5b0-4beb-8ba5-368920b5918c", "isDeleted:":"true", "version":"1715540841192"}}
{"logTime": "0512/193304", "correlationVector":"l2Mwi1RoNnUwBVIo8e5Zwy.95","action":"GetUpdates", "result":"DeleteReceived", "context":{"id":"8b81dded-7aa6-4008-8db0-405a437d09ef", "isDeleted:":"true", "version":"1715540874239"}}
{"logTime": "0512/193304", "correlationVector":"l2Mwi1RoNnUwBVIo8e5Zwy.96","action":"GetUpdates", "result":"DeleteReceived", "context":{"id":"2e5c740f-300a-4d7c-8456-ac0b38d9751d", "isDeleted:":"true", "version":"1715540912806"}}
{"logTime": "0512/193304", "correlationVector":"l2Mwi1RoNnUwBVIo8e5Zwy.97","action":"GetUpdates Response", "result":"Success", "context":Received 103 update(s). cV=l2Mwi1RoNnUwBVIo8e5Zwy.0;server=GENERAL0100001P;cloudType=Consumer;environment=Prod_EastUS2_000e;migrationStage=NotStarted}
{"logTime": "0512/193304", "correlationVector":"b1/cPqk6REty2pGdP2AW+Y","action":"Normal GetUpdate request", "result":"", "context":cV=b1/cPqk6REty2pGdP2AW+Y
Nudged types: Sessions, Device Info
Refresh requested types: Bookmarks, Preferences, Passwords, Autofill Profiles, Autofill, Typed URLs, Extensions, Sessions, Extension settings, History Delete Directives, Device Info, User Consents, Send Tab To Self, Web Apps, Collection, Edge E Drop, Edge Hub App Usage, Edge Tab Group, Edge Wallet, Encryption Keys}
{"logTime": "0512/193304", "correlationVector":"b1/cPqk6REty2pGdP2AW+Y.1","action":"SyncServerConnectionManagerRequest", "result":"SYNC_SERVER_OK", "context":{"environment":"Prod_EastUS2_000e", "migrationStage":"NotStarted", "server":"GENERAL0100002I"}}
{"logTime": "0512/193304", "correlationVector":"b1/cPqk6REty2pGdP2AW+Y.2","action":"GetUpdates Response", "result":"Success", "context":Received 0 update(s). cV=b1/cPqk6REty2pGdP2AW+Y.0;server=GENERAL0100002I;cloudType=Consumer;environment=Prod_EastUS2_000e;migrationStage=NotStarted}
{"logTime": "0512/193304", "correlationVector":"MMCYM6fHIEper7JvLQZgPV","action":"Commit Request", "result":"", "context":Item count: 3
Contributing types: Sessions, Device Info}
{"logTime": "0512/193304", "correlationVector":"MMCYM6fHIEper7JvLQZgPV.1","action":"SyncServerConnectionManagerRequest", "result":"SYNC_SERVER_OK", "context":{"environment":"Prod_EastUS2_000e", "migrationStage":"NotStarted", "server":"GENERAL0100002Z"}}
{"logTime": "0512/193304", "correlationVector":"MMCYM6fHIEper7JvLQZgPV.2","action":"Commit Response", "result":"Success", "context":Result: Success. cV=MMCYM6fHIEper7JvLQZgPV.0;server=GENERAL0100002Z;cloudType=Consumer;environment=Prod_EastUS2_000e;migrationStage=NotStarted}
{"logTime": "0512/193304", "correlationVector":"ovjR5D5JrDeNRuZWf75bif","action":"Normal GetUpdate request", "result":"", "context":cV=ovjR5D5JrDeNRuZWf75bif
Nudged types: Sessions, Device Info}
{"logTime": "0512/193304", "correlationVector":"ovjR5D5JrDeNRuZWf75bif.1","action":"SyncServerConnectionManagerRequest", "result":"SYNC_SERVER_OK", "context":{"environment":"Prod_EastUS2_000e", "migrationStage":"NotStarted", "server":"GENERAL0100000U"}}
{"logTime": "0512/193304", "correlationVector":"ovjR5D5JrDeNRuZWf75bif.2","action":"GetUpdates Response", "result":"Success", "context":Received 3 update(s). cV=ovjR5D5JrDeNRuZWf75bif.0;server=GENERAL0100000U;cloudType=Consumer;environment=Prod_EastUS2_000e;migrationStage=NotStarted}
{"logTime": "0512/193304", "correlationVector":"oOuz+f37E3ts1uuRb9njZr","action":"Commit Request", "result":"", "context":Item count: 7
Contributing types: Passwords, Sessions}
{"logTime": "0512/193304", "correlationVector":"oOuz+f37E3ts1uuRb9njZr.1","action":"SyncServerConnectionManagerRequest", "result":"SYNC_SERVER_OK", "context":{"environment":"Prod_EastUS2_000e", "migrationStage":"NotStarted", "server":"GENERAL01000023"}}
{"logTime": "0512/193304", "correlationVector":"oOuz+f37E3ts1uuRb9njZr.2","action":"Commit Response", "result":"Success", "context":Result: Success. cV=oOuz+f37E3ts1uuRb9njZr.0;server=GENERAL01000023;cloudType=Consumer;environment=Prod_EastUS2_000e;migrationStage=NotStarted}
{"logTime": "0512/193323", "correlationVector":"m+K+hMj/aHFIy/+VdrXdrX","action":"Commit Request", "result":"", "context":Item count: 1
Contributing types: Preferences}
{"logTime": "0512/193324", "correlationVector":"m+K+hMj/aHFIy/+VdrXdrX.1","action":"SyncServerConnectionManagerRequest", "result":"SYNC_SERVER_OK", "context":{"environment":"Prod_EastUS2_000e", "migrationStage":"NotStarted", "server":"GENERAL0100002C"}}
{"logTime": "0512/193324", "correlationVector":"m+K+hMj/aHFIy/+VdrXdrX.2","action":"Commit Response", "result":"Success", "context":Result: Success. cV=m+K+hMj/aHFIy/+VdrXdrX.0;server=GENERAL0100002C;cloudType=Consumer;environment=Prod_EastUS2_000e;migrationStage=NotStarted}
{"logTime": "0512/193325", "correlationVector":"BZxucveJF0XfotAORPiXZ8","action":"Normal GetUpdate request", "result":"", "context":cV=BZxucveJF0XfotAORPiXZ8
Notified types: Preferences}
{"logTime": "0512/193325", "correlationVector":"BZxucveJF0XfotAORPiXZ8.1","action":"SyncServerConnectionManagerRequest", "result":"SYNC_SERVER_OK", "context":{"environment":"Prod_EastUS2_000e", "migrationStage":"NotStarted", "server":"GENERAL01000033"}}
{"logTime": "0512/193325", "correlationVector":"BZxucveJF0XfotAORPiXZ8.2","action":"GetUpdates Response", "result":"Success", "context":Received 9 update(s). cV=BZxucveJF0XfotAORPiXZ8.0;server=GENERAL01000033;cloudType=Consumer;environment=Prod_EastUS2_000e;migrationStage=NotStarted}
{"logTime": "0512/193344", "correlationVector":"bQpuhZQB15v/oYp7arP7OR","action":"Commit Request", "result":"", "context":Item count: 1
Contributing types: Sessions}
{"logTime": "0512/193344", "correlationVector":"bQpuhZQB15v/oYp7arP7OR.1","action":"SyncServerConnectionManagerRequest", "result":"SYNC_SERVER_OK", "context":{"environment":"Prod_EastUS2_000e", "migrationStage":"NotStarted", "server":"GENERAL0100001L"}}
{"logTime": "0512/193344", "correlationVector":"bQpuhZQB15v/oYp7arP7OR.2","action":"Commit Response", "result":"Success", "context":Result: Success. cV=bQpuhZQB15v/oYp7arP7OR.0;server=GENERAL0100001L;cloudType=Consumer;environment=Prod_EastUS2_000e;migrationStage=NotStarted}
{"logTime": "0512/193440", "correlationVector":"AnTAodxyIZ4UsRTksQJ6FF","action":"Normal GetUpdate request", "result":"", "context":cV=AnTAodxyIZ4UsRTksQJ6FF
Notified types: Preferences}
{"logTime": "0512/193440", "correlationVector":"AnTAodxyIZ4UsRTksQJ6FF.1","action":"SyncServerConnectionManagerRequest", "result":"SYNC_SERVER_OK", "context":{"environment":"Prod_EastUS2_000e", "migrationStage":"NotStarted", "server":"GENERAL0100001X"}}
{"logTime": "0512/193440", "correlationVector":"AnTAodxyIZ4UsRTksQJ6FF.2","action":"GetUpdates Response", "result":"Success", "context":Received 2 update(s). cV=AnTAodxyIZ4UsRTksQJ6FF.0;server=GENERAL0100001X;cloudType=Consumer;environment=Prod_EastUS2_000e;migrationStage=NotStarted}
{"logTime": "0512/193743", "correlationVector":"D1CuruVx83XZmxJcuixgMC","action":"Normal GetUpdate request", "result":"", "context":cV=D1CuruVx83XZmxJcuixgMC
Refresh requested types: Bookmarks, Preferences, Passwords, Autofill Profiles, Autofill, Typed URLs, Extensions, Sessions, Extension settings, History Delete Directives, Device Info, User Consents, Send Tab To Self, Web Apps, Collection, Edge E Drop, Edge Hub App Usage, Edge Tab Group, Edge Wallet, Encryption Keys}
{"logTime": "0512/193744", "correlationVector":"D1CuruVx83XZmxJcuixgMC.1","action":"SyncServerConnectionManagerRequest", "result":"SYNC_SERVER_OK", "context":{"environment":"Prod_EastUS2_000e", "migrationStage":"NotStarted", "server":"GENERAL0100001T"}}
{"logTime": "0512/193744", "correlationVector":"D1CuruVx83XZmxJcuixgMC.2","action":"GetUpdates Response", "result":"Success", "context":Received 0 update(s). cV=D1CuruVx83XZmxJcuixgMC.0;server=GENERAL0100001T;cloudType=Consumer;environment=Prod_EastUS2_000e;migrationStage=NotStarted}
{"logTime": "0512/194329", "correlationVector":"pzg0gCmEBPJ+IEQTxtoLgG","action":"Commit Request", "result":"", "context":Item count: 1
Contributing types: Sessions}
{"logTime": "0512/194330", "correlationVector":"pzg0gCmEBPJ+IEQTxtoLgG.1","action":"SyncServerConnectionManagerRequest", "result":"SYNC_SERVER_OK", "context":{"environment":"Prod_EastUS2_000e", "migrationStage":"NotStarted", "server":"GENERAL0100003B"}}
{"logTime": "0512/194330", "correlationVector":"pzg0gCmEBPJ+IEQTxtoLgG.2","action":"Commit Response", "result":"Success", "context":Result: Success. cV=pzg0gCmEBPJ+IEQTxtoLgG.0;server=GENERAL0100003B;cloudType=Consumer;environment=Prod_EastUS2_000e;migrationStage=NotStarted}
{"logTime": "0512/195039", "correlationVector":"8c7V/hT7mVy0CsXBfQCUBg","action":"Commit Request", "result":"", "context":Item count: 1
Contributing types: Sessions}
{"logTime": "0512/195039", "correlationVector":"8c7V/hT7mVy0CsXBfQCUBg.1","action":"SyncServerConnectionManagerRequest", "result":"SYNC_SERVER_OK", "context":{"environment":"Prod_EastUS2_000e", "migrationStage":"NotStarted", "server":"GENERAL01000034"}}
{"logTime": "0512/195039", "correlationVector":"8c7V/hT7mVy0CsXBfQCUBg.2","action":"Commit Response", "result":"Success", "context":Result: Success. cV=8c7V/hT7mVy0CsXBfQCUBg.0;server=GENERAL01000034;cloudType=Consumer;environment=Prod_EastUS2_000e;migrationStage=NotStarted}
{"logTime": "0512/195504", "correlationVector":"eZ42yyzZevL0xNqsGuAL1x","action":"Normal GetUpdate request", "result":"", "context":cV=eZ42yyzZevL0xNqsGuAL1x
Notified types: Preferences}
{"logTime": "0512/195504", "correlationVector":"eZ42yyzZevL0xNqsGuAL1x.1","action":"SyncServerConnectionManagerRequest", "result":"SYNC_SERVER_OK", "context":{"environment":"Prod_EastUS2_000e", "migrationStage":"NotStarted", "server":"GENERAL0100000E"}}
{"logTime": "0512/195504", "correlationVector":"eZ42yyzZevL0xNqsGuAL1x.2","action":"GetUpdates", "result":"DeleteReceived", "context":{"id":"9e34f389-a336-48b2-9f56-5ad7ba25a8d3", "isDeleted:":"true", "version":"1715543699801"}}
{"logTime": "0512/195504", "correlationVector":"eZ42yyzZevL0xNqsGuAL1x.3","action":"GetUpdates Response", "result":"Success", "context":Received 6 update(s). cV=eZ42yyzZevL0xNqsGuAL1x.0;server=GENERAL0100000E;cloudType=Consumer;environment=Prod_EastUS2_000e;migrationStage=NotStarted}
{"logTime": "0512/201911", "correlationVector":"22DzWEpV1PniCywudW0om8","action":"Normal GetUpdate request", "result":"", "context":cV=22DzWEpV1PniCywudW0om8
Nudged types: Sessions
Notified types: Typed URLs}
{"logTime": "0512/201912", "correlationVector":"22DzWEpV1PniCywudW0om8.1","action":"SyncServerConnectionManagerRequest", "result":"SYNC_SERVER_OK", "context":{"environment":"Prod_EastUS2_000e", "migrationStage":"NotStarted", "server":"GENERAL0100000E"}}
{"logTime": "0512/201912", "correlationVector":"22DzWEpV1PniCywudW0om8.2","action":"GetUpdates Response", "result":"Success", "context":Received 4 update(s). cV=22DzWEpV1PniCywudW0om8.0;server=GENERAL0100000E;cloudType=Consumer;environment=Prod_EastUS2_000e;migrationStage=NotStarted}
{"logTime": "0512/201912", "correlationVector":"b2wVP8TxxFOg7qUQD492z3","action":"Commit Request", "result":"", "context":Item count: 1
Contributing types: Sessions}
{"logTime": "0512/201912", "correlationVector":"b2wVP8TxxFOg7qUQD492z3.1","action":"SyncServerConnectionManagerRequest", "result":"SYNC_SERVER_OK", "context":{"environment":"Prod_EastUS2_000e", "migrationStage":"NotStarted", "server":"GENERAL0100000G"}}
{"logTime": "0512/201912", "correlationVector":"b2wVP8TxxFOg7qUQD492z3.2","action":"Commit Response", "result":"Success", "context":Result: Success. cV=b2wVP8TxxFOg7qUQD492z3.0;server=GENERAL0100000G;cloudType=Consumer;environment=Prod_EastUS2_000e;migrationStage=NotStarted}
{"logTime": "0512/201918", "correlationVector":"+Z03ov+00ITBRy872yscaR","action":"Normal GetUpdate request", "result":"", "context":cV=+Z03ov+00ITBRy872yscaR
Nudged types: Sessions
Notified types: Preferences}
{"logTime": "0512/201919", "correlationVector":"+Z03ov+00ITBRy872yscaR.1","action":"SyncServerConnectionManagerRequest", "result":"SYNC_SERVER_OK", "context":{"environment":"Prod_EastUS2_000e", "migrationStage":"NotStarted", "server":"GENERAL0100001P"}}
{"logTime": "0512/201919", "correlationVector":"+Z03ov+00ITBRy872yscaR.2","action":"GetUpdates", "result":"DeleteReceived", "context":{"id":"63a2d499-6d7b-4dff-bf37-cf6c152927ef", "isDeleted:":"true", "version":"1715545154692"}}
{"logTime": "0512/201919", "correlationVector":"+Z03ov+00ITBRy872yscaR.3","action":"GetUpdates Response", "result":"Success", "context":Received 3 update(s). cV=+Z03ov+00ITBRy872yscaR.0;server=GENERAL0100001P;cloudType=Consumer;environment=Prod_EastUS2_000e;migrationStage=NotStarted}
{"logTime": "0512/201957", "correlationVector":"AHuCu8h/F0bIXOk8kT8mIi","action":"Commit Request", "result":"", "context":Item count: 1
Contributing types: Sessions}
{"logTime": "0512/201957", "correlationVector":"AHuCu8h/F0bIXOk8kT8mIi.1","action":"SyncServerConnectionManagerRequest", "result":"SYNC_SERVER_OK", "context":{"environment":"Prod_EastUS2_000e", "migrationStage":"NotStarted", "server":"GENERAL0100001R"}}
{"logTime": "0512/201957", "correlationVector":"AHuCu8h/F0bIXOk8kT8mIi.2","action":"Commit Response", "result":"Success", "context":Result: Success. cV=AHuCu8h/F0bIXOk8kT8mIi.0;server=GENERAL0100001R;cloudType=Consumer;environment=Prod_EastUS2_000e;migrationStage=NotStarted}
